{"/home/munendra.kushwaha/WORKSPACE/events-backend/src/app.ts": {"path":"/home/munendra.kushwaha/WORKSPACE/events-backend/src/app.ts","statementMap":{"0":{"start":{"line":1,"column":0},"end":{"line":1,"column":30}},"1":{"start":{"line":2,"column":0},"end":{"line":2,"column":24}},"2":{"start":{"line":3,"column":0},"end":{"line":3,"column":28}},"3":{"start":{"line":4,"column":0},"end":{"line":4,"column":43}},"4":{"start":{"line":5,"column":0},"end":{"line":5,"column":57}},"5":{"start":{"line":6,"column":0},"end":{"line":6,"column":55}},"6":{"start":{"line":7,"column":0},"end":{"line":7,"column":57}},"7":{"start":{"line":8,"column":0},"end":{"line":8,"column":47}},"8":{"start":{"line":9,"column":0},"end":{"line":9,"column":36}},"9":{"start":{"line":11,"column":0},"end":{"line":11,"column":52}},"10":{"start":{"line":12,"column":0},"end":{"line":12,"column":36}},"11":{"start":{"line":18,"column":4},"end":{"line":18,"column":20}},"12":{"start":{"line":19,"column":4},"end":{"line":19,"column":25}},"13":{"start":{"line":23,"column":4},"end":{"line":23,"column":27}},"14":{"start":{"line":24,"column":4},"end":{"line":24,"column":18}},"15":{"start":{"line":28,"column":4},"end":{"line":28,"column":41}},"16":{"start":{"line":29,"column":4},"end":{"line":29,"column":20}},"17":{"start":{"line":30,"column":4},"end":{"line":30,"column":33}},"18":{"start":{"line":31,"column":4},"end":{"line":38,"column":6}},"19":{"start":{"line":39,"column":4},"end":{"line":39,"column":49}},"20":{"start":{"line":40,"column":4},"end":{"line":40,"column":58}},"21":{"start":{"line":44,"column":4},"end":{"line":44,"column":39}},"22":{"start":{"line":45,"column":4},"end":{"line":45,"column":41}},"23":{"start":{"line":47,"column":4},"end":{"line":47,"column":77}},"24":{"start":{"line":48,"column":4},"end":{"line":52,"column":6}},"25":{"start":{"line":51,"column":8},"end":{"line":51,"column":44}},"26":{"start":{"line":54,"column":4},"end":{"line":56,"column":7}},"27":{"start":{"line":55,"column":6},"end":{"line":55,"column":44}},"28":{"start":{"line":60,"column":4},"end":{"line":62,"column":7}},"29":{"start":{"line":61,"column":6},"end":{"line":61,"column":67}},"30":{"start":{"line":65,"column":0},"end":{"line":65,"column":22}}},"fnMap":{"0":{"name":"(anonymous_1)","decl":{"start":{"line":17,"column":2},"end":{"line":17,"column":null}},"loc":{"start":{"line":17,"column":2},"end":{"line":20,"column":3}}},"1":{"name":"(anonymous_2)","decl":{"start":{"line":22,"column":2},"end":{"line":22,"column":7}},"loc":{"start":{"line":22,"column":17},"end":{"line":25,"column":3}}},"2":{"name":"(anonymous_3)","decl":{"start":{"line":27,"column":2},"end":{"line":27,"column":7}},"loc":{"start":{"line":27,"column":17},"end":{"line":41,"column":3}}},"3":{"name":"(anonymous_4)","decl":{"start":{"line":43,"column":2},"end":{"line":43,"column":8}},"loc":{"start":{"line":43,"column":8},"end":{"line":57,"column":3}}},"4":{"name":"(anonymous_5)","decl":{"start":{"line":50,"column":6},"end":{"line":50,"column":7}},"loc":{"start":{"line":51,"column":8},"end":{"line":51,"column":44}}},"5":{"name":"(anonymous_6)","decl":{"start":{"line":54,"column":22},"end":{"line":54,"column":23}},"loc":{"start":{"line":54,"column":70},"end":{"line":56,"column":5}}},"6":{"name":"(anonymous_7)","decl":{"start":{"line":59,"column":9},"end":{"line":59,"column":14}},"loc":{"start":{"line":59,"column":14},"end":{"line":63,"column":3}}},"7":{"name":"(anonymous_8)","decl":{"start":{"line":60,"column":39},"end":{"line":60,"column":42}},"loc":{"start":{"line":60,"column":44},"end":{"line":62,"column":5}}}},"branchMap":{},"s":{"0":3,"1":3,"2":3,"3":3,"4":3,"5":3,"6":3,"7":3,"8":3,"9":3,"10":3,"11":3,"12":3,"13":3,"14":3,"15":3,"16":3,"17":3,"18":3,"19":3,"20":3,"21":3,"22":3,"23":3,"24":3,"25":1,"26":3,"27":1,"28":0,"29":0,"30":3},"f":{"0":3,"1":3,"2":3,"3":3,"4":1,"5":1,"6":0,"7":0},"b":{}}
,"/home/munendra.kushwaha/WORKSPACE/events-backend/src/config.ts": {"path":"/home/munendra.kushwaha/WORKSPACE/events-backend/src/config.ts","statementMap":{"0":{"start":{"line":1,"column":0},"end":{"line":1,"column":28}},"1":{"start":{"line":9,"column":0},"end":{"line":9,"column":16}},"2":{"start":{"line":11,"column":35},"end":{"line":16,"column":2}},"3":{"start":{"line":18,"column":0},"end":{"line":18,"column":28}}},"fnMap":{},"branchMap":{"0":{"loc":{"start":{"line":12,"column":13},"end":{"line":12,"column":50}},"type":"cond-expr","locations":[{"start":{"line":12,"column":33},"end":{"line":12,"column":37}},{"start":{"line":12,"column":37},"end":{"line":12,"column":50}}]},"1":{"loc":{"start":{"line":12,"column":13},"end":{"line":12,"column":37}},"type":"binary-expr","locations":[{"start":{"line":12,"column":13},"end":{"line":12,"column":37}},{"start":{"line":12,"column":33},"end":{"line":12,"column":37}}]},"2":{"loc":{"start":{"line":13,"column":19},"end":{"line":13,"column":45}},"type":"cond-expr","locations":[{"start":{"line":13,"column":35},"end":{"line":13,"column":39}},{"start":{"line":13,"column":39},"end":{"line":13,"column":45}}]},"3":{"loc":{"start":{"line":13,"column":19},"end":{"line":13,"column":39}},"type":"binary-expr","locations":[{"start":{"line":13,"column":19},"end":{"line":13,"column":39}},{"start":{"line":13,"column":35},"end":{"line":13,"column":39}}]},"4":{"loc":{"start":{"line":14,"column":15},"end":{"line":14,"column":43}},"type":"cond-expr","locations":[{"start":{"line":14,"column":37},"end":{"line":14,"column":41}},{"start":{"line":14,"column":41},"end":{"line":14,"column":43}}]},"5":{"loc":{"start":{"line":14,"column":15},"end":{"line":14,"column":41}},"type":"binary-expr","locations":[{"start":{"line":14,"column":15},"end":{"line":14,"column":41}},{"start":{"line":14,"column":37},"end":{"line":14,"column":41}}]},"6":{"loc":{"start":{"line":15,"column":14},"end":{"line":15,"column":41}},"type":"cond-expr","locations":[{"start":{"line":15,"column":35},"end":{"line":15,"column":39}},{"start":{"line":15,"column":39},"end":{"line":15,"column":41}}]},"7":{"loc":{"start":{"line":15,"column":14},"end":{"line":15,"column":39}},"type":"binary-expr","locations":[{"start":{"line":15,"column":14},"end":{"line":15,"column":39}},{"start":{"line":15,"column":35},"end":{"line":15,"column":39}}]}},"s":{"0":3,"1":3,"2":3,"3":3},"f":{},"b":{"0":[3,0],"1":[3,3],"2":[3,0],"3":[3,3],"4":[3,0],"5":[3,3],"6":[3,0],"7":[3,3]}}
,"/home/munendra.kushwaha/WORKSPACE/events-backend/src/docs/swaggerConfig.ts": {"path":"/home/munendra.kushwaha/WORKSPACE/events-backend/src/docs/swaggerConfig.ts","statementMap":{"0":{"start":{"line":1,"column":0},"end":{"line":1,"column":41}},"1":{"start":{"line":3,"column":38},"end":{"line":33,"column":2}},"2":{"start":{"line":35,"column":25},"end":{"line":35,"column":46}},"3":{"start":{"line":37,"column":0},"end":{"line":37,"column":27}}},"fnMap":{},"branchMap":{},"s":{"0":3,"1":3,"2":3,"3":3},"f":{},"b":{}}
,"/home/munendra.kushwaha/WORKSPACE/events-backend/src/lib/Connection.ts": {"path":"/home/munendra.kushwaha/WORKSPACE/events-backend/src/lib/Connection.ts","statementMap":{"0":{"start":{"line":1,"column":0},"end":{"line":1,"column":32}},"1":{"start":{"line":2,"column":0},"end":{"line":2,"column":37}},"2":{"start":{"line":3,"column":0},"end":{"line":3,"column":37}},"3":{"start":{"line":5,"column":19},"end":{"line":5,"column":47}},"4":{"start":{"line":7,"column":2},"end":{"line":14,"column":4}},"5":{"start":{"line":8,"column":4},"end":{"line":13,"column":5}},"6":{"start":{"line":9,"column":6},"end":{"line":9,"column":39}},"7":{"start":{"line":10,"column":6},"end":{"line":10,"column":50}},"8":{"start":{"line":12,"column":6},"end":{"line":12,"column":59}},"9":{"start":{"line":16,"column":2},"end":{"line":23,"column":4}},"10":{"start":{"line":17,"column":4},"end":{"line":22,"column":5}},"11":{"start":{"line":18,"column":6},"end":{"line":18,"column":34}},"12":{"start":{"line":19,"column":6},"end":{"line":19,"column":47}},"13":{"start":{"line":21,"column":6},"end":{"line":21,"column":53}},"14":{"start":{"line":26,"column":0},"end":{"line":26,"column":32}}},"fnMap":{"0":{"name":"(anonymous_1)","decl":{"start":{"line":4,"column":0},"end":{"line":4,"column":6}},"loc":{"start":{"line":4,"column":0},"end":{"line":24,"column":1}}},"1":{"name":"(anonymous_2)","decl":{"start":{"line":7,"column":14},"end":{"line":7,"column":19}},"loc":{"start":{"line":7,"column":39},"end":{"line":14,"column":3}}},"2":{"name":"(anonymous_3)","decl":{"start":{"line":16,"column":17},"end":{"line":16,"column":22}},"loc":{"start":{"line":16,"column":42},"end":{"line":23,"column":3}}}},"branchMap":{},"s":{"0":3,"1":3,"2":3,"3":3,"4":3,"5":57,"6":57,"7":57,"8":0,"9":3,"10":67,"11":67,"12":67,"13":0,"14":3},"f":{"0":3,"1":57,"2":67},"b":{}}
,"/home/munendra.kushwaha/WORKSPACE/events-backend/src/lib/index.ts": {"path":"/home/munendra.kushwaha/WORKSPACE/events-backend/src/lib/index.ts","statementMap":{"0":{"start":{"line":1,"column":0},"end":{"line":1,"column":7}},"1":{"start":{"line":4,"column":9},"end":{"line":1,"column":38}},"2":{"start":{"line":2,"column":0},"end":{"line":2,"column":7}},"3":{"start":{"line":4,"column":21},"end":{"line":2,"column":51}}},"fnMap":{},"branchMap":{},"s":{"0":3,"1":3,"2":3,"3":3},"f":{},"b":{}}
,"/home/munendra.kushwaha/WORKSPACE/events-backend/src/lib/base/baseRepository.ts": {"path":"/home/munendra.kushwaha/WORKSPACE/events-backend/src/lib/base/baseRepository.ts","statementMap":{"0":{"start":{"line":3,"column":0},"end":{"line":3,"column":40}},"1":{"start":{"line":9,"column":4},"end":{"line":9,"column":23}},"2":{"start":{"line":13,"column":4},"end":{"line":13,"column":43}},"3":{"start":{"line":14,"column":4},"end":{"line":14,"column":45}},"4":{"start":{"line":18,"column":4},"end":{"line":18,"column":48}},"5":{"start":{"line":19,"column":4},"end":{"line":21,"column":71}},"6":{"start":{"line":25,"column":0},"end":{"line":25,"column":30}}},"fnMap":{"0":{"name":"(anonymous_1)","decl":{"start":{"line":8,"column":2},"end":{"line":8,"column":14}},"loc":{"start":{"line":8,"column":29},"end":{"line":10,"column":3}}},"1":{"name":"(anonymous_2)","decl":{"start":{"line":12,"column":9},"end":{"line":12,"column":14}},"loc":{"start":{"line":12,"column":29},"end":{"line":15,"column":3}}},"2":{"name":"(anonymous_3)","decl":{"start":{"line":17,"column":9},"end":{"line":17,"column":14}},"loc":{"start":{"line":17,"column":49},"end":{"line":22,"column":3}}}},"branchMap":{},"s":{"0":3,"1":6,"2":2,"3":2,"4":12,"5":12,"6":3},"f":{"0":6,"1":2,"2":12},"b":{}}
,"/home/munendra.kushwaha/WORKSPACE/events-backend/src/lib/response-handler/StatusCodes.ts": {"path":"/home/munendra.kushwaha/WORKSPACE/events-backend/src/lib/response-handler/StatusCodes.ts","statementMap":{"0":{"start":{"line":1,"column":20},"end":{"line":37,"column":2}},"1":{"start":{"line":39,"column":0},"end":{"line":39,"column":27}}},"fnMap":{},"branchMap":{},"s":{"0":3,"1":3},"f":{},"b":{}}
,"/home/munendra.kushwaha/WORKSPACE/events-backend/src/lib/response-handler/SystemResponse.ts": {"path":"/home/munendra.kushwaha/WORKSPACE/events-backend/src/lib/response-handler/SystemResponse.ts","statementMap":{"0":{"start":{"line":1,"column":0},"end":{"line":1,"column":40}},"1":{"start":{"line":4,"column":4},"end":{"line":10,"column":6}},"2":{"start":{"line":13,"column":4},"end":{"line":17,"column":6}},"3":{"start":{"line":21,"column":4},"end":{"line":25,"column":6}},"4":{"start":{"line":28,"column":4},"end":{"line":32,"column":6}},"5":{"start":{"line":36,"column":4},"end":{"line":40,"column":null}},"6":{"start":{"line":43,"column":4},"end":{"line":48,"column":6}},"7":{"start":{"line":52,"column":0},"end":{"line":52,"column":30}}},"fnMap":{"0":{"name":"(anonymous_1)","decl":{"start":{"line":3,"column":2},"end":{"line":3,"column":8}},"loc":{"start":{"line":3,"column":62},"end":{"line":11,"column":3}}},"1":{"name":"(anonymous_2)","decl":{"start":{"line":12,"column":2},"end":{"line":12,"column":8}},"loc":{"start":{"line":12,"column":45},"end":{"line":18,"column":3}}},"2":{"name":"(anonymous_3)","decl":{"start":{"line":20,"column":2},"end":{"line":20,"column":8}},"loc":{"start":{"line":20,"column":36},"end":{"line":26,"column":3}}},"3":{"name":"(anonymous_4)","decl":{"start":{"line":27,"column":2},"end":{"line":27,"column":8}},"loc":{"start":{"line":27,"column":30},"end":{"line":33,"column":3}}},"4":{"name":"(anonymous_5)","decl":{"start":{"line":35,"column":2},"end":{"line":35,"column":8}},"loc":{"start":{"line":35,"column":39},"end":{"line":41,"column":3}}},"5":{"name":"(anonymous_6)","decl":{"start":{"line":42,"column":2},"end":{"line":42,"column":8}},"loc":{"start":{"line":42,"column":64},"end":{"line":49,"column":3}}}},"branchMap":{"0":{"loc":{"start":{"line":6,"column":12},"end":{"line":6,"column":24}},"type":"cond-expr","locations":[{"start":{"line":6,"column":12},"end":{"line":6,"column":16}},{"start":{"line":6,"column":20},"end":{"line":6,"column":24}}]},"1":{"loc":{"start":{"line":6,"column":12},"end":{"line":6,"column":20}},"type":"binary-expr","locations":[{"start":{"line":6,"column":12},"end":{"line":6,"column":20}},{"start":{"line":6,"column":12},"end":{"line":6,"column":20}}]},"2":{"loc":{"start":{"line":7,"column":18},"end":{"line":7,"column":36}},"type":"cond-expr","locations":[{"start":{"line":7,"column":18},"end":{"line":7,"column":28}},{"start":{"line":7,"column":32},"end":{"line":7,"column":36}}]},"3":{"loc":{"start":{"line":7,"column":18},"end":{"line":7,"column":32}},"type":"binary-expr","locations":[{"start":{"line":7,"column":18},"end":{"line":7,"column":32}},{"start":{"line":7,"column":18},"end":{"line":7,"column":32}}]},"4":{"loc":{"start":{"line":8,"column":15},"end":{"line":8,"column":35}},"type":"cond-expr","locations":[{"start":{"line":8,"column":15},"end":{"line":8,"column":22}},{"start":{"line":8,"column":26},"end":{"line":8,"column":35}}]},"5":{"loc":{"start":{"line":8,"column":15},"end":{"line":8,"column":26}},"type":"binary-expr","locations":[{"start":{"line":8,"column":15},"end":{"line":8,"column":26}},{"start":{"line":8,"column":15},"end":{"line":8,"column":26}}]},"6":{"loc":{"start":{"line":23,"column":15},"end":{"line":23,"column":40}},"type":"cond-expr","locations":[{"start":{"line":23,"column":15},"end":{"line":23,"column":22}},{"start":{"line":23,"column":26},"end":{"line":23,"column":40}}]},"7":{"loc":{"start":{"line":23,"column":15},"end":{"line":23,"column":26}},"type":"binary-expr","locations":[{"start":{"line":23,"column":15},"end":{"line":23,"column":26}},{"start":{"line":23,"column":15},"end":{"line":23,"column":26}}]},"8":{"loc":{"start":{"line":30,"column":15},"end":{"line":30,"column":42}},"type":"cond-expr","locations":[{"start":{"line":30,"column":15},"end":{"line":30,"column":22}},{"start":{"line":30,"column":26},"end":{"line":30,"column":42}}]},"9":{"loc":{"start":{"line":30,"column":15},"end":{"line":30,"column":26}},"type":"binary-expr","locations":[{"start":{"line":30,"column":15},"end":{"line":30,"column":26}},{"start":{"line":30,"column":15},"end":{"line":30,"column":26}}]},"10":{"loc":{"start":{"line":38,"column":14},"end":{"line":38,"column":39}},"type":"cond-expr","locations":[{"start":{"line":38,"column":14},"end":{"line":38,"column":21}},{"start":{"line":38,"column":25},"end":{"line":38,"column":39}}]},"11":{"loc":{"start":{"line":38,"column":14},"end":{"line":38,"column":25}},"type":"binary-expr","locations":[{"start":{"line":38,"column":14},"end":{"line":38,"column":25}},{"start":{"line":38,"column":14},"end":{"line":38,"column":25}}]},"12":{"loc":{"start":{"line":45,"column":13},"end":{"line":45,"column":26}},"type":"cond-expr","locations":[{"start":{"line":45,"column":13},"end":{"line":45,"column":18}},{"start":{"line":45,"column":22},"end":{"line":45,"column":26}}]},"13":{"loc":{"start":{"line":45,"column":13},"end":{"line":45,"column":22}},"type":"binary-expr","locations":[{"start":{"line":45,"column":13},"end":{"line":45,"column":22}},{"start":{"line":45,"column":13},"end":{"line":45,"column":22}}]},"14":{"loc":{"start":{"line":46,"column":15},"end":{"line":46,"column":56}},"type":"cond-expr","locations":[{"start":{"line":46,"column":15},"end":{"line":46,"column":22}},{"start":{"line":46,"column":26},"end":{"line":46,"column":56}}]},"15":{"loc":{"start":{"line":46,"column":15},"end":{"line":46,"column":26}},"type":"binary-expr","locations":[{"start":{"line":46,"column":15},"end":{"line":46,"column":26}},{"start":{"line":46,"column":15},"end":{"line":46,"column":26}}]},"16":{"loc":{"start":{"line":47,"column":14},"end":{"line":47,"column":55}},"type":"cond-expr","locations":[{"start":{"line":47,"column":14},"end":{"line":47,"column":18}},{"start":{"line":47,"column":22},"end":{"line":47,"column":55}}]},"17":{"loc":{"start":{"line":47,"column":14},"end":{"line":47,"column":22}},"type":"binary-expr","locations":[{"start":{"line":47,"column":14},"end":{"line":47,"column":22}},{"start":{"line":47,"column":14},"end":{"line":47,"column":22}}]}},"s":{"0":3,"1":10,"2":1,"3":4,"4":1,"5":2,"6":11,"7":3},"f":{"0":10,"1":1,"2":4,"3":1,"4":2,"5":11},"b":{"0":[8,2],"1":[10,10],"2":[4,6],"3":[10,10],"4":[10,0],"5":[10,10],"6":[4,0],"7":[4,4],"8":[1,0],"9":[1,1],"10":[2,0],"11":[2,2],"12":[7,4],"13":[11,11],"14":[11,0],"15":[11,11],"16":[2,9],"17":[11,11]}}
,"/home/munendra.kushwaha/WORKSPACE/events-backend/src/middlewares/OtherMiddleware.ts": {"path":"/home/munendra.kushwaha/WORKSPACE/events-backend/src/middlewares/OtherMiddleware.ts","statementMap":{"0":{"start":{"line":2,"column":0},"end":{"line":2,"column":37}},"1":{"start":{"line":3,"column":0},"end":{"line":3,"column":68}},"2":{"start":{"line":6,"column":9},"end":{"line":13,"column":4}},"3":{"start":{"line":11,"column":4},"end":{"line":11,"column":54}},"4":{"start":{"line":12,"column":4},"end":{"line":12,"column":11}},"5":{"start":{"line":15,"column":9},"end":{"line":18,"column":4}},"6":{"start":{"line":16,"column":4},"end":{"line":16,"column":78}},"7":{"start":{"line":17,"column":4},"end":{"line":17,"column":11}},"8":{"start":{"line":19,"column":9},"end":{"line":46,"column":4}},"9":{"start":{"line":24,"column":4},"end":{"line":45,"column":5}},"10":{"start":{"line":25,"column":36},"end":{"line":25,"column":45}},"11":{"start":{"line":26,"column":28},"end":{"line":26,"column":60}},"12":{"start":{"line":28,"column":8},"end":{"line":29,"column":40}},"13":{"start":{"line":30,"column":6},"end":{"line":36,"column":7}},"14":{"start":{"line":31,"column":8},"end":{"line":35,"column":12}},"15":{"start":{"line":37,"column":6},"end":{"line":37,"column":13}},"16":{"start":{"line":39,"column":6},"end":{"line":39,"column":50}},"17":{"start":{"line":40,"column":6},"end":{"line":44,"column":10}},"18":{"start":{"line":49,"column":0},"end":{"line":49,"column":31}}},"fnMap":{"0":{"name":"(anonymous_1)","decl":{"start":{"line":6,"column":27},"end":{"line":6,"column":null}},"loc":{"start":{"line":10,"column":12},"end":{"line":13,"column":3}}},"1":{"name":"(anonymous_2)","decl":{"start":{"line":15,"column":18},"end":{"line":15,"column":19}},"loc":{"start":{"line":15,"column":76},"end":{"line":18,"column":3}}},"2":{"name":"(anonymous_3)","decl":{"start":{"line":19,"column":25},"end":{"line":19,"column":null}},"loc":{"start":{"line":23,"column":11},"end":{"line":46,"column":3}}}},"branchMap":{"0":{"loc":{"start":{"line":30,"column":6},"end":{"line":36,"column":7}},"type":"if","locations":[{"start":{"line":30,"column":6},"end":{"line":36,"column":7}}]},"1":{"loc":{"start":{"line":30,"column":10},"end":{"line":30,"column":37}},"type":"binary-expr","locations":[{"start":{"line":30,"column":10},"end":{"line":30,"column":22}},{"start":{"line":30,"column":26},"end":{"line":30,"column":37}}]}},"s":{"0":3,"1":3,"2":3,"3":57,"4":57,"5":3,"6":57,"7":57,"8":3,"9":5,"10":5,"11":5,"12":5,"13":5,"14":1,"15":4,"16":0,"17":0,"18":3},"f":{"0":57,"1":57,"2":5},"b":{"0":[1],"1":[5,4]}}
,"/home/munendra.kushwaha/WORKSPACE/events-backend/src/middlewares/index.ts": {"path":"/home/munendra.kushwaha/WORKSPACE/events-backend/src/middlewares/index.ts","statementMap":{"0":{"start":{"line":1,"column":0},"end":{"line":1,"column":56}},"1":{"start":{"line":3,"column":0},"end":{"line":3,"column":39}}},"fnMap":{},"branchMap":{},"s":{"0":3,"1":3},"f":{},"b":{}}
,"/home/munendra.kushwaha/WORKSPACE/events-backend/src/modules/events/controller.ts": {"path":"/home/munendra.kushwaha/WORKSPACE/events-backend/src/modules/events/controller.ts","statementMap":{"0":{"start":{"line":2,"column":0},"end":{"line":2,"column":20}},"1":{"start":{"line":3,"column":0},"end":{"line":3,"column":36}},"2":{"start":{"line":4,"column":0},"end":{"line":4,"column":57}},"3":{"start":{"line":5,"column":0},"end":{"line":5,"column":35}},"4":{"start":{"line":6,"column":0},"end":{"line":6,"column":34}},"5":{"start":{"line":8,"column":0},"end":{"line":8,"column":71}},"6":{"start":{"line":10,"column":0},"end":{"line":10,"column":32}},"7":{"start":{"line":11,"column":0},"end":{"line":11,"column":40}},"8":{"start":{"line":12,"column":0},"end":{"line":12,"column":40}},"9":{"start":{"line":13,"column":0},"end":{"line":13,"column":47}},"10":{"start":{"line":16,"column":19},"end":{"line":16,"column":54}},"11":{"start":{"line":17,"column":2},"end":{"line":73,"column":4}},"12":{"start":{"line":18,"column":4},"end":{"line":72,"column":5}},"13":{"start":{"line":19,"column":6},"end":{"line":19,"column":45}},"14":{"start":{"line":20,"column":43},"end":{"line":20,"column":52}},"15":{"start":{"line":21,"column":28},"end":{"line":21,"column":60}},"16":{"start":{"line":23,"column":8},"end":{"line":24,"column":40}},"17":{"start":{"line":25,"column":6},"end":{"line":37,"column":7}},"18":{"start":{"line":26,"column":21},"end":{"line":26,"column":56}},"19":{"start":{"line":28,"column":8},"end":{"line":36,"column":12}},"20":{"start":{"line":39,"column":6},"end":{"line":51,"column":7}},"21":{"start":{"line":40,"column":21},"end":{"line":40,"column":56}},"22":{"start":{"line":41,"column":21},"end":{"line":41,"column":64}},"23":{"start":{"line":42,"column":8},"end":{"line":50,"column":12}},"24":{"start":{"line":52,"column":19},"end":{"line":52,"column":59}},"25":{"start":{"line":53,"column":6},"end":{"line":61,"column":10}},"26":{"start":{"line":63,"column":6},"end":{"line":63,"column":44}},"27":{"start":{"line":64,"column":6},"end":{"line":71,"column":10}},"28":{"start":{"line":75,"column":2},"end":{"line":97,"column":4}},"29":{"start":{"line":76,"column":4},"end":{"line":96,"column":5}},"30":{"start":{"line":77,"column":6},"end":{"line":77,"column":54}},"31":{"start":{"line":78,"column":27},"end":{"line":78,"column":37}},"32":{"start":{"line":79,"column":36},"end":{"line":79,"column":45}},"33":{"start":{"line":80,"column":28},"end":{"line":80,"column":60}},"34":{"start":{"line":82,"column":8},"end":{"line":83,"column":40}},"35":{"start":{"line":84,"column":24},"end":{"line":84,"column":74}},"36":{"start":{"line":85,"column":20},"end":{"line":85,"column":79}},"37":{"start":{"line":86,"column":6},"end":{"line":90,"column":10}},"38":{"start":{"line":92,"column":6},"end":{"line":92,"column":71}},"39":{"start":{"line":93,"column":6},"end":{"line":95,"column":70}},"40":{"start":{"line":99,"column":2},"end":{"line":119,"column":4}},"41":{"start":{"line":100,"column":4},"end":{"line":118,"column":5}},"42":{"start":{"line":101,"column":6},"end":{"line":101,"column":48}},"43":{"start":{"line":103,"column":34},"end":{"line":103,"column":57}},"44":{"start":{"line":105,"column":6},"end":{"line":107,"column":79}},"45":{"start":{"line":109,"column":6},"end":{"line":109,"column":49}},"46":{"start":{"line":110,"column":6},"end":{"line":117,"column":10}},"47":{"start":{"line":121,"column":2},"end":{"line":147,"column":4}},"48":{"start":{"line":122,"column":4},"end":{"line":146,"column":5}},"49":{"start":{"line":123,"column":6},"end":{"line":123,"column":51}},"50":{"start":{"line":124,"column":25},"end":{"line":124,"column":52}},"51":{"start":{"line":125,"column":22},"end":{"line":125,"column":69}},"52":{"start":{"line":126,"column":32},"end":{"line":126,"column":40}},"53":{"start":{"line":127,"column":6},"end":{"line":129,"column":9}},"54":{"start":{"line":130,"column":6},"end":{"line":130,"column":42}},"55":{"start":{"line":131,"column":6},"end":{"line":131,"column":35}},"56":{"start":{"line":132,"column":6},"end":{"line":134,"column":66}},"57":{"start":{"line":136,"column":6},"end":{"line":136,"column":52}},"58":{"start":{"line":138,"column":6},"end":{"line":145,"column":10}},"59":{"start":{"line":149,"column":2},"end":{"line":178,"column":4}},"60":{"start":{"line":150,"column":4},"end":{"line":177,"column":5}},"61":{"start":{"line":151,"column":6},"end":{"line":151,"column":54}},"62":{"start":{"line":152,"column":21},"end":{"line":152,"column":31}},"63":{"start":{"line":153,"column":6},"end":{"line":155,"column":7}},"64":{"start":{"line":154,"column":8},"end":{"line":154,"column":78}},"65":{"start":{"line":156,"column":25},"end":{"line":156,"column":51}},"66":{"start":{"line":158,"column":6},"end":{"line":162,"column":7}},"67":{"start":{"line":159,"column":8},"end":{"line":161,"column":78}},"68":{"start":{"line":163,"column":6},"end":{"line":163,"column":52}},"69":{"start":{"line":165,"column":6},"end":{"line":165,"column":78}},"70":{"start":{"line":167,"column":6},"end":{"line":167,"column":50}},"71":{"start":{"line":168,"column":6},"end":{"line":176,"column":10}},"72":{"start":{"line":180,"column":2},"end":{"line":214,"column":4}},"73":{"start":{"line":181,"column":4},"end":{"line":181,"column":49}},"74":{"start":{"line":182,"column":28},"end":{"line":182,"column":41}},"75":{"start":{"line":183,"column":33},"end":{"line":183,"column":41}},"76":{"start":{"line":184,"column":4},"end":{"line":186,"column":5}},"77":{"start":{"line":185,"column":6},"end":{"line":185,"column":76}},"78":{"start":{"line":187,"column":4},"end":{"line":213,"column":5}},"79":{"start":{"line":188,"column":25},"end":{"line":188,"column":52}},"80":{"start":{"line":189,"column":22},"end":{"line":189,"column":69}},"81":{"start":{"line":191,"column":6},"end":{"line":191,"column":45}},"82":{"start":{"line":192,"column":32},"end":{"line":192,"column":79}},"83":{"start":{"line":193,"column":6},"end":{"line":199,"column":7}},"84":{"start":{"line":194,"column":8},"end":{"line":198,"column":12}},"85":{"start":{"line":200,"column":6},"end":{"line":202,"column":62}},"86":{"start":{"line":204,"column":6},"end":{"line":204,"column":68}},"87":{"start":{"line":205,"column":6},"end":{"line":212,"column":10}},"88":{"start":{"line":216,"column":2},"end":{"line":238,"column":4}},"89":{"start":{"line":217,"column":4},"end":{"line":217,"column":49}},"90":{"start":{"line":218,"column":28},"end":{"line":218,"column":41}},"91":{"start":{"line":219,"column":4},"end":{"line":221,"column":5}},"92":{"start":{"line":220,"column":6},"end":{"line":220,"column":76}},"93":{"start":{"line":222,"column":4},"end":{"line":237,"column":5}},"94":{"start":{"line":223,"column":28},"end":{"line":223,"column":61}},"95":{"start":{"line":224,"column":6},"end":{"line":226,"column":77}},"96":{"start":{"line":228,"column":6},"end":{"line":228,"column":68}},"97":{"start":{"line":229,"column":6},"end":{"line":236,"column":10}},"98":{"start":{"line":240,"column":2},"end":{"line":303,"column":4}},"99":{"start":{"line":241,"column":4},"end":{"line":302,"column":5}},"100":{"start":{"line":242,"column":6},"end":{"line":242,"column":50}},"101":{"start":{"line":243,"column":28},"end":{"line":243,"column":50}},"102":{"start":{"line":244,"column":25},"end":{"line":244,"column":52}},"103":{"start":{"line":245,"column":22},"end":{"line":245,"column":69}},"104":{"start":{"line":246,"column":43},"end":{"line":246,"column":57}},"105":{"start":{"line":247,"column":6},"end":{"line":251,"column":7}},"106":{"start":{"line":248,"column":8},"end":{"line":250,"column":63}},"107":{"start":{"line":252,"column":34},"end":{"line":252,"column":36}},"108":{"start":{"line":253,"column":31},"end":{"line":253,"column":33}},"109":{"start":{"line":254,"column":33},"end":{"line":254,"column":35}},"110":{"start":{"line":255,"column":32},"end":{"line":255,"column":59}},"111":{"start":{"line":256,"column":23},"end":{"line":256,"column":54}},"112":{"start":{"line":258,"column":6},"end":{"line":291,"column":11}},"113":{"start":{"line":261,"column":10},"end":{"line":261,"column":51}},"114":{"start":{"line":264,"column":10},"end":{"line":270,"column":12}},"115":{"start":{"line":273,"column":10},"end":{"line":273,"column":34}},"116":{"start":{"line":274,"column":10},"end":{"line":274,"column":48}},"117":{"start":{"line":275,"column":10},"end":{"line":275,"column":52}},"118":{"start":{"line":276,"column":34},"end":{"line":276,"column":61}},"119":{"start":{"line":277,"column":29},"end":{"line":285,"column":12}},"120":{"start":{"line":287,"column":10},"end":{"line":287,"column":47}},"121":{"start":{"line":288,"column":10},"end":{"line":290,"column":72}},"122":{"start":{"line":293,"column":6},"end":{"line":293,"column":66}},"123":{"start":{"line":294,"column":6},"end":{"line":301,"column":10}},"124":{"start":{"line":304,"column":2},"end":{"line":324,"column":4}},"125":{"start":{"line":307,"column":4},"end":{"line":323,"column":7}},"126":{"start":{"line":326,"column":2},"end":{"line":348,"column":4}},"127":{"start":{"line":333,"column":4},"end":{"line":347,"column":7}},"128":{"start":{"line":334,"column":24},"end":{"line":336,"column":8}},"129":{"start":{"line":337,"column":6},"end":{"line":346,"column":7}},"130":{"start":{"line":338,"column":8},"end":{"line":338,"column":31}},"131":{"start":{"line":339,"column":8},"end":{"line":339,"column":29}},"132":{"start":{"line":341,"column":8},"end":{"line":345,"column":11}},"133":{"start":{"line":344,"column":54},"end":{"line":344,"column":67}},"134":{"start":{"line":349,"column":2},"end":{"line":356,"column":4}},"135":{"start":{"line":350,"column":23},"end":{"line":350,"column":24}},"136":{"start":{"line":351,"column":4},"end":{"line":355,"column":5}},"137":{"start":{"line":352,"column":20},"end":{"line":352,"column":72}},"138":{"start":{"line":353,"column":6},"end":{"line":353,"column":37}},"139":{"start":{"line":354,"column":6},"end":{"line":354,"column":29}},"140":{"start":{"line":357,"column":2},"end":{"line":364,"column":4}},"141":{"start":{"line":358,"column":23},"end":{"line":358,"column":24}},"142":{"start":{"line":359,"column":4},"end":{"line":363,"column":5}},"143":{"start":{"line":360,"column":20},"end":{"line":360,"column":74}},"144":{"start":{"line":361,"column":6},"end":{"line":361,"column":36}},"145":{"start":{"line":362,"column":6},"end":{"line":362,"column":29}},"146":{"start":{"line":366,"column":0},"end":{"line":366,"column":32}}},"fnMap":{"0":{"name":"(anonymous_1)","decl":{"start":{"line":15,"column":0},"end":{"line":15,"column":6}},"loc":{"start":{"line":15,"column":0},"end":{"line":365,"column":1}}},"1":{"name":"(anonymous_2)","decl":{"start":{"line":17,"column":8},"end":{"line":17,"column":13}},"loc":{"start":{"line":17,"column":60},"end":{"line":73,"column":3}}},"2":{"name":"(anonymous_3)","decl":{"start":{"line":75,"column":18},"end":{"line":75,"column":23}},"loc":{"start":{"line":75,"column":70},"end":{"line":97,"column":3}}},"3":{"name":"(anonymous_4)","decl":{"start":{"line":99,"column":12},"end":{"line":99,"column":17}},"loc":{"start":{"line":99,"column":64},"end":{"line":119,"column":3}}},"4":{"name":"(anonymous_5)","decl":{"start":{"line":121,"column":8},"end":{"line":121,"column":13}},"loc":{"start":{"line":121,"column":60},"end":{"line":147,"column":3}}},"5":{"name":"(anonymous_6)","decl":{"start":{"line":149,"column":12},"end":{"line":149,"column":17}},"loc":{"start":{"line":149,"column":64},"end":{"line":178,"column":3}}},"6":{"name":"(anonymous_7)","decl":{"start":{"line":180,"column":15},"end":{"line":180,"column":20}},"loc":{"start":{"line":180,"column":67},"end":{"line":214,"column":3}}},"7":{"name":"(anonymous_8)","decl":{"start":{"line":216,"column":15},"end":{"line":216,"column":20}},"loc":{"start":{"line":216,"column":67},"end":{"line":238,"column":3}}},"8":{"name":"(anonymous_9)","decl":{"start":{"line":240,"column":14},"end":{"line":240,"column":19}},"loc":{"start":{"line":240,"column":66},"end":{"line":303,"column":3}}},"9":{"name":"(anonymous_10)","decl":{"start":{"line":260,"column":20},"end":{"line":260,"column":25}},"loc":{"start":{"line":260,"column":34},"end":{"line":262,"column":9}}},"10":{"name":"(anonymous_11)","decl":{"start":{"line":263,"column":19},"end":{"line":263,"column":24}},"loc":{"start":{"line":263,"column":30},"end":{"line":291,"column":9}}},"11":{"name":"(anonymous_12)","decl":{"start":{"line":304,"column":15},"end":{"line":304,"column":20}},"loc":{"start":{"line":304,"column":55},"end":{"line":324,"column":3}}},"12":{"name":"(anonymous_13)","decl":{"start":{"line":326,"column":20},"end":{"line":326,"column":25}},"loc":{"start":{"line":332,"column":6},"end":{"line":348,"column":3}}},"13":{"name":"(anonymous_14)","decl":{"start":{"line":333,"column":25},"end":{"line":333,"column":26}},"loc":{"start":{"line":333,"column":41},"end":{"line":347,"column":5}}},"14":{"name":"(anonymous_15)","decl":{"start":{"line":344,"column":43},"end":{"line":344,"column":44}},"loc":{"start":{"line":344,"column":54},"end":{"line":344,"column":67}}},"15":{"name":"(anonymous_16)","decl":{"start":{"line":349,"column":20},"end":{"line":349,"column":25}},"loc":{"start":{"line":349,"column":50},"end":{"line":356,"column":3}}},"16":{"name":"(anonymous_17)","decl":{"start":{"line":357,"column":22},"end":{"line":357,"column":27}},"loc":{"start":{"line":357,"column":51},"end":{"line":364,"column":3}}}},"branchMap":{"0":{"loc":{"start":{"line":25,"column":6},"end":{"line":37,"column":7}},"type":"if","locations":[{"start":{"line":25,"column":6},"end":{"line":37,"column":7}}]},"1":{"loc":{"start":{"line":39,"column":6},"end":{"line":51,"column":7}},"type":"if","locations":[{"start":{"line":39,"column":6},"end":{"line":51,"column":7}}]},"2":{"loc":{"start":{"line":68,"column":12},"end":{"line":68,"column":53}},"type":"binary-expr","locations":[{"start":{"line":68,"column":12},"end":{"line":68,"column":26}},{"start":{"line":68,"column":30},"end":{"line":68,"column":53}}]},"3":{"loc":{"start":{"line":68,"column":12},"end":{"line":68,"column":26}},"type":"cond-expr","locations":[{"start":{"line":68,"column":17},"end":{"line":68,"column":19}},{"start":{"line":68,"column":12},"end":{"line":68,"column":26}}]},"4":{"loc":{"start":{"line":68,"column":12},"end":{"line":68,"column":19}},"type":"binary-expr","locations":[{"start":{"line":68,"column":12},"end":{"line":68,"column":19}},{"start":{"line":68,"column":12},"end":{"line":68,"column":19}}]},"5":{"loc":{"start":{"line":95,"column":46},"end":{"line":95,"column":60}},"type":"cond-expr","locations":[{"start":{"line":95,"column":51},"end":{"line":95,"column":53}},{"start":{"line":95,"column":46},"end":{"line":95,"column":60}}]},"6":{"loc":{"start":{"line":95,"column":46},"end":{"line":95,"column":53}},"type":"binary-expr","locations":[{"start":{"line":95,"column":46},"end":{"line":95,"column":53}},{"start":{"line":95,"column":46},"end":{"line":95,"column":53}}]},"7":{"loc":{"start":{"line":114,"column":12},"end":{"line":114,"column":67}},"type":"binary-expr","locations":[{"start":{"line":114,"column":12},"end":{"line":114,"column":26}},{"start":{"line":114,"column":30},"end":{"line":114,"column":67}}]},"8":{"loc":{"start":{"line":114,"column":12},"end":{"line":114,"column":26}},"type":"cond-expr","locations":[{"start":{"line":114,"column":17},"end":{"line":114,"column":19}},{"start":{"line":114,"column":12},"end":{"line":114,"column":26}}]},"9":{"loc":{"start":{"line":114,"column":12},"end":{"line":114,"column":19}},"type":"binary-expr","locations":[{"start":{"line":114,"column":12},"end":{"line":114,"column":19}},{"start":{"line":114,"column":12},"end":{"line":114,"column":19}}]},"10":{"loc":{"start":{"line":142,"column":12},"end":{"line":142,"column":58}},"type":"binary-expr","locations":[{"start":{"line":142,"column":12},"end":{"line":142,"column":26}},{"start":{"line":142,"column":30},"end":{"line":142,"column":58}}]},"11":{"loc":{"start":{"line":142,"column":12},"end":{"line":142,"column":26}},"type":"cond-expr","locations":[{"start":{"line":142,"column":17},"end":{"line":142,"column":19}},{"start":{"line":142,"column":12},"end":{"line":142,"column":26}}]},"12":{"loc":{"start":{"line":142,"column":12},"end":{"line":142,"column":19}},"type":"binary-expr","locations":[{"start":{"line":142,"column":12},"end":{"line":142,"column":19}},{"start":{"line":142,"column":12},"end":{"line":142,"column":19}}]},"13":{"loc":{"start":{"line":153,"column":6},"end":{"line":155,"column":7}},"type":"if","locations":[{"start":{"line":153,"column":6},"end":{"line":155,"column":7}}]},"14":{"loc":{"start":{"line":158,"column":6},"end":{"line":162,"column":7}},"type":"if","locations":[{"start":{"line":158,"column":6},"end":{"line":162,"column":7}}]},"15":{"loc":{"start":{"line":172,"column":12},"end":{"line":172,"column":26}},"type":"cond-expr","locations":[{"start":{"line":172,"column":17},"end":{"line":172,"column":19}},{"start":{"line":172,"column":12},"end":{"line":172,"column":26}}]},"16":{"loc":{"start":{"line":172,"column":12},"end":{"line":172,"column":19}},"type":"binary-expr","locations":[{"start":{"line":172,"column":12},"end":{"line":172,"column":19}},{"start":{"line":172,"column":12},"end":{"line":172,"column":19}}]},"17":{"loc":{"start":{"line":184,"column":4},"end":{"line":186,"column":5}},"type":"if","locations":[{"start":{"line":184,"column":4},"end":{"line":186,"column":5}}]},"18":{"loc":{"start":{"line":193,"column":6},"end":{"line":199,"column":7}},"type":"if","locations":[{"start":{"line":193,"column":6},"end":{"line":199,"column":7}}]},"19":{"loc":{"start":{"line":209,"column":12},"end":{"line":209,"column":64}},"type":"binary-expr","locations":[{"start":{"line":209,"column":12},"end":{"line":209,"column":26}},{"start":{"line":209,"column":30},"end":{"line":209,"column":64}}]},"20":{"loc":{"start":{"line":209,"column":12},"end":{"line":209,"column":26}},"type":"cond-expr","locations":[{"start":{"line":209,"column":17},"end":{"line":209,"column":19}},{"start":{"line":209,"column":12},"end":{"line":209,"column":26}}]},"21":{"loc":{"start":{"line":209,"column":12},"end":{"line":209,"column":19}},"type":"binary-expr","locations":[{"start":{"line":209,"column":12},"end":{"line":209,"column":19}},{"start":{"line":209,"column":12},"end":{"line":209,"column":19}}]},"22":{"loc":{"start":{"line":219,"column":4},"end":{"line":221,"column":5}},"type":"if","locations":[{"start":{"line":219,"column":4},"end":{"line":221,"column":5}}]},"23":{"loc":{"start":{"line":233,"column":12},"end":{"line":233,"column":64}},"type":"binary-expr","locations":[{"start":{"line":233,"column":12},"end":{"line":233,"column":26}},{"start":{"line":233,"column":30},"end":{"line":233,"column":64}}]},"24":{"loc":{"start":{"line":233,"column":12},"end":{"line":233,"column":26}},"type":"cond-expr","locations":[{"start":{"line":233,"column":17},"end":{"line":233,"column":19}},{"start":{"line":233,"column":12},"end":{"line":233,"column":26}}]},"25":{"loc":{"start":{"line":233,"column":12},"end":{"line":233,"column":19}},"type":"binary-expr","locations":[{"start":{"line":233,"column":12},"end":{"line":233,"column":19}},{"start":{"line":233,"column":12},"end":{"line":233,"column":19}}]},"26":{"loc":{"start":{"line":243,"column":28},"end":{"line":243,"column":50}},"type":"cond-expr","locations":[{"start":{"line":243,"column":36},"end":{"line":243,"column":38}},{"start":{"line":243,"column":36},"end":{"line":243,"column":50}}]},"27":{"loc":{"start":{"line":243,"column":28},"end":{"line":243,"column":38}},"type":"binary-expr","locations":[{"start":{"line":243,"column":28},"end":{"line":243,"column":38}},{"start":{"line":243,"column":36},"end":{"line":243,"column":38}}]},"28":{"loc":{"start":{"line":246,"column":43},"end":{"line":246,"column":57}},"type":"cond-expr","locations":[{"start":{"line":246,"column":51},"end":{"line":246,"column":53}},{"start":{"line":246,"column":51},"end":{"line":246,"column":57}}]},"29":{"loc":{"start":{"line":246,"column":43},"end":{"line":246,"column":53}},"type":"binary-expr","locations":[{"start":{"line":246,"column":43},"end":{"line":246,"column":53}},{"start":{"line":246,"column":51},"end":{"line":246,"column":53}}]},"30":{"loc":{"start":{"line":247,"column":6},"end":{"line":251,"column":7}},"type":"if","locations":[{"start":{"line":247,"column":6},"end":{"line":251,"column":7}}]},"31":{"loc":{"start":{"line":298,"column":12},"end":{"line":298,"column":59}},"type":"binary-expr","locations":[{"start":{"line":298,"column":12},"end":{"line":298,"column":26}},{"start":{"line":298,"column":30},"end":{"line":298,"column":59}}]},"32":{"loc":{"start":{"line":298,"column":12},"end":{"line":298,"column":26}},"type":"cond-expr","locations":[{"start":{"line":298,"column":17},"end":{"line":298,"column":19}},{"start":{"line":298,"column":12},"end":{"line":298,"column":26}}]},"33":{"loc":{"start":{"line":298,"column":12},"end":{"line":298,"column":19}},"type":"binary-expr","locations":[{"start":{"line":298,"column":12},"end":{"line":298,"column":19}},{"start":{"line":298,"column":12},"end":{"line":298,"column":19}}]},"34":{"loc":{"start":{"line":337,"column":6},"end":{"line":346,"column":7}},"type":"if","locations":[{"start":{"line":337,"column":6},"end":{"line":346,"column":7}},{"start":{"line":340,"column":13},"end":{"line":346,"column":7}}]},"35":{"loc":{"start":{"line":344,"column":24},"end":{"line":344,"column":68}},"type":"cond-expr","locations":[{"start":{"line":344,"column":29},"end":{"line":344,"column":31}},{"start":{"line":344,"column":24},"end":{"line":344,"column":68}}]},"36":{"loc":{"start":{"line":344,"column":24},"end":{"line":344,"column":31}},"type":"binary-expr","locations":[{"start":{"line":344,"column":24},"end":{"line":344,"column":31}},{"start":{"line":344,"column":24},"end":{"line":344,"column":31}}]}},"s":{"0":3,"1":3,"2":3,"3":3,"4":3,"5":3,"6":3,"7":3,"8":3,"9":3,"10":3,"11":3,"12":4,"13":4,"14":4,"15":4,"16":4,"17":4,"18":2,"19":1,"20":2,"21":1,"22":1,"23":1,"24":1,"25":1,"26":1,"27":1,"28":3,"29":2,"30":2,"31":2,"32":2,"33":2,"34":2,"35":2,"36":1,"37":1,"38":1,"39":1,"40":3,"41":2,"42":2,"43":2,"44":1,"45":1,"46":1,"47":3,"48":2,"49":2,"50":2,"51":2,"52":2,"53":2,"54":2,"55":2,"56":1,"57":1,"58":1,"59":3,"60":4,"61":4,"62":4,"63":4,"64":1,"65":3,"66":2,"67":1,"68":1,"69":1,"70":1,"71":1,"72":3,"73":3,"74":3,"75":3,"76":3,"77":1,"78":2,"79":2,"80":2,"81":2,"82":2,"83":1,"84":1,"85":0,"86":1,"87":1,"88":3,"89":3,"90":3,"91":3,"92":1,"93":2,"94":2,"95":1,"96":1,"97":1,"98":3,"99":2,"100":2,"101":2,"102":2,"103":2,"104":2,"105":2,"106":1,"107":1,"108":1,"109":1,"110":1,"111":1,"112":1,"113":2,"114":1,"115":1,"116":1,"117":1,"118":1,"119":1,"120":1,"121":1,"122":0,"123":0,"124":3,"125":2,"126":3,"127":1,"128":2,"129":2,"130":0,"131":0,"132":2,"133":3,"134":3,"135":1,"136":1,"137":0,"138":0,"139":0,"140":3,"141":1,"142":1,"143":1,"144":1,"145":1,"146":3},"f":{"0":3,"1":4,"2":2,"3":2,"4":2,"5":4,"6":3,"7":3,"8":2,"9":2,"10":1,"11":2,"12":1,"13":2,"14":3,"15":1,"16":1},"b":{"0":[2],"1":[1],"2":[1,0],"3":[0,1],"4":[1,1],"5":[0,1],"6":[1,1],"7":[1,0],"8":[0,1],"9":[1,1],"10":[1,0],"11":[0,1],"12":[1,1],"13":[1],"14":[1],"15":[0,1],"16":[1,1],"17":[1],"18":[1],"19":[1,0],"20":[0,1],"21":[1,1],"22":[1],"23":[1,0],"24":[0,1],"25":[1,1],"26":[1,1],"27":[2,2],"28":[1,1],"29":[2,2],"30":[1],"31":[0,0],"32":[0,0],"33":[0,0],"34":[0,2],"35":[0,2],"36":[2,2]}}
,"/home/munendra.kushwaha/WORKSPACE/events-backend/src/modules/events/index.ts": {"path":"/home/munendra.kushwaha/WORKSPACE/events-backend/src/modules/events/index.ts","statementMap":{"0":{"start":{"line":1,"column":0},"end":{"line":1,"column":7}},"1":{"start":{"line":5,"column":9},"end":{"line":1,"column":38}},"2":{"start":{"line":2,"column":0},"end":{"line":2,"column":7}},"3":{"start":{"line":5,"column":21},"end":{"line":2,"column":29}},"4":{"start":{"line":3,"column":0},"end":{"line":3,"column":7}},"5":{"start":{"line":5,"column":29},"end":{"line":3,"column":32}}},"fnMap":{},"branchMap":{},"s":{"0":3,"1":3,"2":3,"3":3,"4":3,"5":3},"f":{},"b":{}}
,"/home/munendra.kushwaha/WORKSPACE/events-backend/src/modules/events/joiSchema.ts": {"path":"/home/munendra.kushwaha/WORKSPACE/events-backend/src/modules/events/joiSchema.ts","statementMap":{"0":{"start":{"line":1,"column":0},"end":{"line":1,"column":22}},"1":{"start":{"line":4,"column":11},"end":{"line":20,"column":7}},"2":{"start":{"line":4,"column":53},"end":{"line":20,"column":6}},"3":{"start":{"line":22,"column":0},"end":{"line":22,"column":25}}},"fnMap":{"0":{"name":"(anonymous_1)","decl":{"start":{"line":4,"column":24},"end":{"line":4,"column":50}},"loc":{"start":{"line":4,"column":53},"end":{"line":20,"column":6}}}},"branchMap":{},"s":{"0":3,"1":3,"2":4,"3":3},"f":{"0":4},"b":{}}
,"/home/munendra.kushwaha/WORKSPACE/events-backend/src/modules/events/route.ts": {"path":"/home/munendra.kushwaha/WORKSPACE/events-backend/src/modules/events/route.ts","statementMap":{"0":{"start":{"line":1,"column":0},"end":{"line":1,"column":33}},"1":{"start":{"line":2,"column":0},"end":{"line":2,"column":45}},"2":{"start":{"line":3,"column":0},"end":{"line":3,"column":31}},"3":{"start":{"line":4,"column":0},"end":{"line":4,"column":53}},"4":{"start":{"line":5,"column":0},"end":{"line":5,"column":56}},"5":{"start":{"line":6,"column":23},"end":{"line":6,"column":51}},"6":{"start":{"line":7,"column":23},"end":{"line":7,"column":31}},"7":{"start":{"line":76,"column":0},"end":{"line":76,"column":77}},"8":{"start":{"line":93,"column":0},"end":{"line":95,"column":59}},"9":{"start":{"line":135,"column":0},"end":{"line":141,"column":4}},"10":{"start":{"line":168,"column":0},"end":{"line":170,"column":59}},"11":{"start":{"line":249,"column":0},"end":{"line":251,"column":62}},"12":{"start":{"line":278,"column":0},"end":{"line":280,"column":65}},"13":{"start":{"line":320,"column":0},"end":{"line":322,"column":65}},"14":{"start":{"line":350,"column":0},"end":{"line":356,"column":4}},"15":{"start":{"line":358,"column":0},"end":{"line":358,"column":22}}},"fnMap":{},"branchMap":{},"s":{"0":3,"1":3,"2":3,"3":3,"4":3,"5":3,"6":3,"7":3,"8":3,"9":3,"10":3,"11":3,"12":3,"13":3,"14":3,"15":3},"f":{},"b":{}}
,"/home/munendra.kushwaha/WORKSPACE/events-backend/src/modules/events/service.ts": {"path":"/home/munendra.kushwaha/WORKSPACE/events-backend/src/modules/events/service.ts","statementMap":{"0":{"start":{"line":2,"column":0},"end":{"line":2,"column":42}},"1":{"start":{"line":3,"column":0},"end":{"line":3,"column":40}},"2":{"start":{"line":6,"column":2},"end":{"line":14,"column":4}},"3":{"start":{"line":11,"column":4},"end":{"line":11,"column":42}},"4":{"start":{"line":12,"column":19},"end":{"line":12,"column":54}},"5":{"start":{"line":13,"column":4},"end":{"line":13,"column":56}},"6":{"start":{"line":15,"column":2},"end":{"line":22,"column":4}},"7":{"start":{"line":20,"column":4},"end":{"line":20,"column":49}},"8":{"start":{"line":21,"column":4},"end":{"line":21,"column":65}},"9":{"start":{"line":24,"column":2},"end":{"line":27,"column":4}},"10":{"start":{"line":25,"column":4},"end":{"line":25,"column":43}},"11":{"start":{"line":26,"column":4},"end":{"line":26,"column":38}},"12":{"start":{"line":30,"column":4},"end":{"line":30,"column":46}},"13":{"start":{"line":31,"column":4},"end":{"line":31,"column":46}},"14":{"start":{"line":35,"column":4},"end":{"line":35,"column":44}},"15":{"start":{"line":36,"column":4},"end":{"line":36,"column":50}},"16":{"start":{"line":40,"column":4},"end":{"line":40,"column":46}},"17":{"start":{"line":41,"column":4},"end":{"line":41,"column":58}},"18":{"start":{"line":45,"column":4},"end":{"line":45,"column":44}},"19":{"start":{"line":46,"column":36},"end":{"line":46,"column":43}},"20":{"start":{"line":47,"column":4},"end":{"line":47,"column":48}},"21":{"start":{"line":51,"column":4},"end":{"line":51,"column":46}},"22":{"start":{"line":52,"column":4},"end":{"line":52,"column":62}},"23":{"start":{"line":56,"column":4},"end":{"line":56,"column":46}},"24":{"start":{"line":57,"column":4},"end":{"line":57,"column":48}},"25":{"start":{"line":61,"column":4},"end":{"line":61,"column":45}},"26":{"start":{"line":62,"column":4},"end":{"line":62,"column":38}},"27":{"start":{"line":65,"column":4},"end":{"line":65,"column":44}},"28":{"start":{"line":66,"column":4},"end":{"line":66,"column":42}},"29":{"start":{"line":69,"column":4},"end":{"line":69,"column":null}},"30":{"start":{"line":70,"column":4},"end":{"line":70,"column":39}},"31":{"start":{"line":73,"column":0},"end":{"line":73,"column":29}}},"fnMap":{"0":{"name":"(anonymous_1)","decl":{"start":{"line":5,"column":0},"end":{"line":5,"column":6}},"loc":{"start":{"line":5,"column":0},"end":{"line":72,"column":1}}},"1":{"name":"(anonymous_2)","decl":{"start":{"line":6,"column":11},"end":{"line":6,"column":16}},"loc":{"start":{"line":10,"column":20},"end":{"line":14,"column":3}}},"2":{"name":"(anonymous_3)","decl":{"start":{"line":15,"column":18},"end":{"line":15,"column":23}},"loc":{"start":{"line":19,"column":20},"end":{"line":22,"column":3}}},"3":{"name":"(anonymous_4)","decl":{"start":{"line":24,"column":12},"end":{"line":24,"column":17}},"loc":{"start":{"line":24,"column":37},"end":{"line":27,"column":3}}},"4":{"name":"(anonymous_5)","decl":{"start":{"line":29,"column":2},"end":{"line":29,"column":7}},"loc":{"start":{"line":29,"column":29},"end":{"line":32,"column":3}}},"5":{"name":"(anonymous_6)","decl":{"start":{"line":34,"column":2},"end":{"line":34,"column":7}},"loc":{"start":{"line":34,"column":44},"end":{"line":37,"column":3}}},"6":{"name":"(anonymous_7)","decl":{"start":{"line":39,"column":2},"end":{"line":39,"column":7}},"loc":{"start":{"line":39,"column":60},"end":{"line":42,"column":3}}},"7":{"name":"(anonymous_8)","decl":{"start":{"line":44,"column":2},"end":{"line":44,"column":7}},"loc":{"start":{"line":44,"column":28},"end":{"line":48,"column":3}}},"8":{"name":"(anonymous_9)","decl":{"start":{"line":50,"column":2},"end":{"line":50,"column":7}},"loc":{"start":{"line":50,"column":56},"end":{"line":53,"column":3}}},"9":{"name":"(anonymous_10)","decl":{"start":{"line":55,"column":2},"end":{"line":55,"column":7}},"loc":{"start":{"line":55,"column":34},"end":{"line":58,"column":3}}},"10":{"name":"(anonymous_11)","decl":{"start":{"line":60,"column":2},"end":{"line":60,"column":7}},"loc":{"start":{"line":60,"column":32},"end":{"line":63,"column":3}}},"11":{"name":"(anonymous_12)","decl":{"start":{"line":64,"column":2},"end":{"line":64,"column":7}},"loc":{"start":{"line":64,"column":31},"end":{"line":67,"column":3}}},"12":{"name":"(anonymous_13)","decl":{"start":{"line":68,"column":2},"end":{"line":68,"column":7}},"loc":{"start":{"line":68,"column":27},"end":{"line":71,"column":3}}}},"branchMap":{},"s":{"0":3,"1":3,"2":3,"3":1,"4":1,"5":1,"6":3,"7":2,"8":2,"9":3,"10":2,"11":2,"12":2,"13":2,"14":2,"15":2,"16":1,"17":1,"18":3,"19":3,"20":3,"21":2,"22":2,"23":2,"24":2,"25":0,"26":0,"27":1,"28":1,"29":1,"30":1,"31":3},"f":{"0":3,"1":1,"2":2,"3":2,"4":2,"5":2,"6":1,"7":3,"8":2,"9":2,"10":0,"11":1,"12":1},"b":{}}
,"/home/munendra.kushwaha/WORKSPACE/events-backend/src/modules/events/repository/index.ts": {"path":"/home/munendra.kushwaha/WORKSPACE/events-backend/src/modules/events/repository/index.ts","statementMap":{"0":{"start":{"line":1,"column":0},"end":{"line":1,"column":7}},"1":{"start":{"line":5,"column":9},"end":{"line":1,"column":33}},"2":{"start":{"line":2,"column":0},"end":{"line":2,"column":7}},"3":{"start":{"line":5,"column":21},"end":{"line":2,"column":35}},"4":{"start":{"line":3,"column":0},"end":{"line":3,"column":7}},"5":{"start":{"line":5,"column":34},"end":{"line":3,"column":38}}},"fnMap":{},"branchMap":{},"s":{"0":3,"1":3,"2":3,"3":3,"4":3,"5":3},"f":{},"b":{}}
,"/home/munendra.kushwaha/WORKSPACE/events-backend/src/modules/events/repository/model.ts": {"path":"/home/munendra.kushwaha/WORKSPACE/events-backend/src/modules/events/repository/model.ts","statementMap":{"0":{"start":{"line":1,"column":0},"end":{"line":1,"column":48}},"1":{"start":{"line":3,"column":0},"end":{"line":3,"column":35}},"2":{"start":{"line":5,"column":34},"end":{"line":5,"column":79}},"3":{"start":{"line":7,"column":0},"end":{"line":7,"column":26}}},"fnMap":{},"branchMap":{},"s":{"0":3,"1":3,"2":3,"3":3},"f":{},"b":{}}
,"/home/munendra.kushwaha/WORKSPACE/events-backend/src/modules/events/repository/repository.ts": {"path":"/home/munendra.kushwaha/WORKSPACE/events-backend/src/modules/events/repository/repository.ts","statementMap":{"0":{"start":{"line":2,"column":0},"end":{"line":2,"column":33}},"1":{"start":{"line":3,"column":0},"end":{"line":3,"column":62}},"2":{"start":{"line":4,"column":0},"end":{"line":4,"column":48}},"3":{"start":{"line":5,"column":0},"end":{"line":5,"column":58}},"4":{"start":{"line":8,"column":0},"end":{"line":8,"column":43}},"5":{"start":{"line":17,"column":4},"end":{"line":17,"column":22}},"6":{"start":{"line":18,"column":4},"end":{"line":18,"column":33}},"7":{"start":{"line":19,"column":4},"end":{"line":19,"column":41}},"8":{"start":{"line":20,"column":4},"end":{"line":20,"column":31}},"9":{"start":{"line":28,"column":4},"end":{"line":28,"column":45}},"10":{"start":{"line":29,"column":23},"end":{"line":29,"column":74}},"11":{"start":{"line":30,"column":17},"end":{"line":35,"column":null}},"12":{"start":{"line":37,"column":4},"end":{"line":37,"column":32}},"13":{"start":{"line":40,"column":4},"end":{"line":40,"column":52}},"14":{"start":{"line":41,"column":4},"end":{"line":41,"column":75}},"15":{"start":{"line":45,"column":4},"end":{"line":45,"column":46}},"16":{"start":{"line":46,"column":4},"end":{"line":46,"column":34}},"17":{"start":{"line":50,"column":4},"end":{"line":50,"column":47}},"18":{"start":{"line":51,"column":23},"end":{"line":51,"column":61}},"19":{"start":{"line":52,"column":17},"end":{"line":57,"column":null}},"20":{"start":{"line":59,"column":4},"end":{"line":59,"column":32}},"21":{"start":{"line":63,"column":4},"end":{"line":78,"column":5}},"22":{"start":{"line":64,"column":6},"end":{"line":64,"column":51}},"23":{"start":{"line":65,"column":25},"end":{"line":67,"column":25}},"24":{"start":{"line":68,"column":19},"end":{"line":73,"column":null}},"25":{"start":{"line":75,"column":6},"end":{"line":75,"column":34}},"26":{"start":{"line":77,"column":6},"end":{"line":77,"column":52}},"27":{"start":{"line":82,"column":4},"end":{"line":82,"column":49}},"28":{"start":{"line":83,"column":4},"end":{"line":85,"column":7}},"29":{"start":{"line":89,"column":4},"end":{"line":89,"column":49}},"30":{"start":{"line":90,"column":4},"end":{"line":90,"column":61}},"31":{"start":{"line":94,"column":4},"end":{"line":94,"column":48}},"32":{"start":{"line":95,"column":4},"end":{"line":95,"column":64}},"33":{"start":{"line":98,"column":4},"end":{"line":98,"column":47}},"34":{"start":{"line":99,"column":4},"end":{"line":99,"column":53}},"35":{"start":{"line":103,"column":4},"end":{"line":103,"column":49}},"36":{"start":{"line":104,"column":4},"end":{"line":104,"column":39}},"37":{"start":{"line":108,"column":0},"end":{"line":108,"column":32}}},"fnMap":{"0":{"name":"(anonymous_1)","decl":{"start":{"line":16,"column":2},"end":{"line":16,"column":null}},"loc":{"start":{"line":16,"column":2},"end":{"line":21,"column":3}}},"1":{"name":"(anonymous_2)","decl":{"start":{"line":23,"column":2},"end":{"line":23,"column":7}},"loc":{"start":{"line":26,"column":16},"end":{"line":38,"column":3}}},"2":{"name":"(anonymous_3)","decl":{"start":{"line":39,"column":2},"end":{"line":39,"column":7}},"loc":{"start":{"line":39,"column":67},"end":{"line":42,"column":3}}},"3":{"name":"(anonymous_4)","decl":{"start":{"line":44,"column":2},"end":{"line":44,"column":7}},"loc":{"start":{"line":44,"column":15},"end":{"line":47,"column":3}}},"4":{"name":"(anonymous_5)","decl":{"start":{"line":49,"column":2},"end":{"line":49,"column":7}},"loc":{"start":{"line":49,"column":44},"end":{"line":60,"column":3}}},"5":{"name":"(anonymous_6)","decl":{"start":{"line":62,"column":2},"end":{"line":62,"column":7}},"loc":{"start":{"line":62,"column":60},"end":{"line":79,"column":3}}},"6":{"name":"(anonymous_7)","decl":{"start":{"line":81,"column":2},"end":{"line":81,"column":7}},"loc":{"start":{"line":81,"column":56},"end":{"line":86,"column":3}}},"7":{"name":"(anonymous_8)","decl":{"start":{"line":88,"column":2},"end":{"line":88,"column":7}},"loc":{"start":{"line":88,"column":34},"end":{"line":91,"column":3}}},"8":{"name":"(anonymous_9)","decl":{"start":{"line":93,"column":2},"end":{"line":93,"column":7}},"loc":{"start":{"line":93,"column":27},"end":{"line":96,"column":3}}},"9":{"name":"(anonymous_10)","decl":{"start":{"line":97,"column":2},"end":{"line":97,"column":7}},"loc":{"start":{"line":97,"column":38},"end":{"line":100,"column":3}}},"10":{"name":"(anonymous_11)","decl":{"start":{"line":102,"column":2},"end":{"line":102,"column":7}},"loc":{"start":{"line":102,"column":28},"end":{"line":105,"column":3}}}},"branchMap":{},"s":{"0":3,"1":3,"2":3,"3":3,"4":3,"5":3,"6":3,"7":3,"8":3,"9":1,"10":1,"11":1,"12":1,"13":2,"14":2,"15":2,"16":2,"17":2,"18":2,"19":1,"20":1,"21":1,"22":1,"23":1,"24":1,"25":1,"26":0,"27":2,"28":2,"29":2,"30":2,"31":0,"32":0,"33":1,"34":1,"35":1,"36":1,"37":3},"f":{"0":3,"1":1,"2":2,"3":2,"4":2,"5":1,"6":2,"7":2,"8":0,"9":1,"10":1},"b":{}}
,"/home/munendra.kushwaha/WORKSPACE/events-backend/src/modules/events/repository/schema.ts": {"path":"/home/munendra.kushwaha/WORKSPACE/events-backend/src/modules/events/repository/schema.ts","statementMap":{"0":{"start":{"line":1,"column":0},"end":{"line":1,"column":34}},"1":{"start":{"line":4,"column":30},"end":{"line":10,"column":2}},"2":{"start":{"line":12,"column":28},"end":{"line":26,"column":null}},"3":{"start":{"line":29,"column":0},"end":{"line":29,"column":27}}},"fnMap":{},"branchMap":{},"s":{"0":3,"1":3,"2":3,"3":3},"f":{},"b":{}}
,"/home/munendra.kushwaha/WORKSPACE/events-backend/src/modules/events/repositoryBulk/model.ts": {"path":"/home/munendra.kushwaha/WORKSPACE/events-backend/src/modules/events/repositoryBulk/model.ts","statementMap":{"0":{"start":{"line":1,"column":0},"end":{"line":1,"column":48}},"1":{"start":{"line":2,"column":0},"end":{"line":2,"column":34}},"2":{"start":{"line":5,"column":36},"end":{"line":7,"column":null}},"3":{"start":{"line":9,"column":0},"end":{"line":9,"column":25}}},"fnMap":{},"branchMap":{},"s":{"0":3,"1":3,"2":3,"3":3},"f":{},"b":{}}
,"/home/munendra.kushwaha/WORKSPACE/events-backend/src/modules/events/repositoryBulk/modelError.ts": {"path":"/home/munendra.kushwaha/WORKSPACE/events-backend/src/modules/events/repositoryBulk/modelError.ts","statementMap":{"0":{"start":{"line":1,"column":0},"end":{"line":1,"column":48}},"1":{"start":{"line":2,"column":0},"end":{"line":2,"column":44}},"2":{"start":{"line":5,"column":42},"end":{"line":7,"column":null}},"3":{"start":{"line":10,"column":0},"end":{"line":10,"column":30}}},"fnMap":{},"branchMap":{},"s":{"0":3,"1":3,"2":3,"3":3},"f":{},"b":{}}
,"/home/munendra.kushwaha/WORKSPACE/events-backend/src/modules/events/repositoryBulk/schema.ts": {"path":"/home/munendra.kushwaha/WORKSPACE/events-backend/src/modules/events/repositoryBulk/schema.ts","statementMap":{"0":{"start":{"line":1,"column":0},"end":{"line":1,"column":34}},"1":{"start":{"line":4,"column":27},"end":{"line":16,"column":null}},"2":{"start":{"line":19,"column":0},"end":{"line":19,"column":26}}},"fnMap":{},"branchMap":{},"s":{"0":3,"1":3,"2":3},"f":{},"b":{}}
,"/home/munendra.kushwaha/WORKSPACE/events-backend/src/modules/events/repositoryBulk/schemaError.ts": {"path":"/home/munendra.kushwaha/WORKSPACE/events-backend/src/modules/events/repositoryBulk/schemaError.ts","statementMap":{"0":{"start":{"line":1,"column":0},"end":{"line":1,"column":34}},"1":{"start":{"line":4,"column":32},"end":{"line":8,"column":2}},"2":{"start":{"line":10,"column":0},"end":{"line":10,"column":31}}},"fnMap":{},"branchMap":{},"s":{"0":3,"1":3,"2":3},"f":{},"b":{}}
,"/home/munendra.kushwaha/WORKSPACE/events-backend/src/modules/users/controller.ts": {"path":"/home/munendra.kushwaha/WORKSPACE/events-backend/src/modules/users/controller.ts","statementMap":{"0":{"start":{"line":2,"column":0},"end":{"line":2,"column":28}},"1":{"start":{"line":4,"column":0},"end":{"line":4,"column":40}},"2":{"start":{"line":5,"column":0},"end":{"line":5,"column":71}},"3":{"start":{"line":7,"column":9},"end":{"line":7,"column":17}},"4":{"start":{"line":8,"column":4},"end":{"line":29,"column":5}},"5":{"start":{"line":9,"column":6},"end":{"line":9,"column":45}},"6":{"start":{"line":10,"column":32},"end":{"line":10,"column":40}},"7":{"start":{"line":12,"column":6},"end":{"line":14,"column":7}},"8":{"start":{"line":13,"column":8},"end":{"line":13,"column":65}},"9":{"start":{"line":15,"column":35},"end":{"line":15,"column":65}},"10":{"start":{"line":17,"column":6},"end":{"line":22,"column":7}},"11":{"start":{"line":18,"column":30},"end":{"line":18,"column":62}},"12":{"start":{"line":19,"column":8},"end":{"line":21,"column":65}},"13":{"start":{"line":23,"column":6},"end":{"line":23,"column":70}},"14":{"start":{"line":25,"column":6},"end":{"line":25,"column":62}},"15":{"start":{"line":26,"column":6},"end":{"line":28,"column":65}},"16":{"start":{"line":32,"column":9},"end":{"line":32,"column":20}},"17":{"start":{"line":33,"column":4},"end":{"line":43,"column":5}},"18":{"start":{"line":34,"column":6},"end":{"line":34,"column":48}},"19":{"start":{"line":35,"column":34},"end":{"line":35,"column":42}},"20":{"start":{"line":36,"column":28},"end":{"line":36,"column":64}},"21":{"start":{"line":37,"column":6},"end":{"line":38,"column":71}},"22":{"start":{"line":38,"column":8},"end":{"line":38,"column":71}},"23":{"start":{"line":39,"column":6},"end":{"line":39,"column":74}},"24":{"start":{"line":41,"column":6},"end":{"line":41,"column":49}},"25":{"start":{"line":42,"column":6},"end":{"line":42,"column":62}},"26":{"start":{"line":6,"column":21},"end":{"line":6,"column":null}}},"fnMap":{"0":{"name":"(anonymous_1)","decl":{"start":{"line":7,"column":17},"end":{"line":7,"column":22}},"loc":{"start":{"line":7,"column":69},"end":{"line":30,"column":null}}},"1":{"name":"(anonymous_2)","decl":{"start":{"line":32,"column":20},"end":{"line":32,"column":25}},"loc":{"start":{"line":32,"column":72},"end":{"line":44,"column":null}}}},"branchMap":{"0":{"loc":{"start":{"line":12,"column":6},"end":{"line":14,"column":7}},"type":"if","locations":[{"start":{"line":12,"column":6},"end":{"line":14,"column":7}}]},"1":{"loc":{"start":{"line":12,"column":10},"end":{"line":12,"column":49}},"type":"binary-expr","locations":[{"start":{"line":12,"column":10},"end":{"line":12,"column":26}},{"start":{"line":12,"column":30},"end":{"line":12,"column":49}}]},"2":{"loc":{"start":{"line":17,"column":6},"end":{"line":22,"column":7}},"type":"if","locations":[{"start":{"line":17,"column":6},"end":{"line":22,"column":7}}]},"3":{"loc":{"start":{"line":37,"column":6},"end":{"line":38,"column":71}},"type":"if","locations":[{"start":{"line":37,"column":6},"end":{"line":38,"column":71}}]}},"s":{"0":3,"1":3,"2":3,"3":3,"4":12,"5":12,"6":12,"7":12,"8":3,"9":9,"10":6,"11":6,"12":6,"13":0,"14":3,"15":3,"16":3,"17":12,"18":12,"19":12,"20":12,"21":6,"22":3,"23":3,"24":6,"25":6,"26":3},"f":{"0":12,"1":12},"b":{"0":[3],"1":[12,9],"2":[6],"3":[3]}}
,"/home/munendra.kushwaha/WORKSPACE/events-backend/src/modules/users/index.ts": {"path":"/home/munendra.kushwaha/WORKSPACE/events-backend/src/modules/users/index.ts","statementMap":{"0":{"start":{"line":1,"column":0},"end":{"line":1,"column":7}},"1":{"start":{"line":5,"column":9},"end":{"line":1,"column":29}},"2":{"start":{"line":2,"column":0},"end":{"line":2,"column":7}},"3":{"start":{"line":5,"column":17},"end":{"line":2,"column":38}},"4":{"start":{"line":3,"column":0},"end":{"line":3,"column":7}},"5":{"start":{"line":5,"column":29},"end":{"line":3,"column":32}}},"fnMap":{},"branchMap":{},"s":{"0":3,"1":3,"2":3,"3":3,"4":3,"5":3},"f":{},"b":{}}
,"/home/munendra.kushwaha/WORKSPACE/events-backend/src/modules/users/route.ts": {"path":"/home/munendra.kushwaha/WORKSPACE/events-backend/src/modules/users/route.ts","statementMap":{"0":{"start":{"line":1,"column":0},"end":{"line":1,"column":33}},"1":{"start":{"line":2,"column":0},"end":{"line":2,"column":46}},"2":{"start":{"line":3,"column":0},"end":{"line":3,"column":58}},"3":{"start":{"line":5,"column":23},"end":{"line":5,"column":31}},"4":{"start":{"line":35,"column":0},"end":{"line":37,"column":63}},"5":{"start":{"line":76,"column":0},"end":{"line":78,"column":58}},"6":{"start":{"line":80,"column":0},"end":{"line":80,"column":22}}},"fnMap":{},"branchMap":{},"s":{"0":3,"1":3,"2":3,"3":3,"4":3,"5":3,"6":3},"f":{},"b":{}}
,"/home/munendra.kushwaha/WORKSPACE/events-backend/src/modules/users/service.ts": {"path":"/home/munendra.kushwaha/WORKSPACE/events-backend/src/modules/users/service.ts","statementMap":{"0":{"start":{"line":1,"column":0},"end":{"line":1,"column":31}},"1":{"start":{"line":2,"column":0},"end":{"line":2,"column":28}},"2":{"start":{"line":3,"column":0},"end":{"line":3,"column":42}},"3":{"start":{"line":5,"column":0},"end":{"line":5,"column":40}},"4":{"start":{"line":6,"column":0},"end":{"line":6,"column":40}},"5":{"start":{"line":9,"column":19},"end":{"line":9,"column":54}},"6":{"start":{"line":12,"column":4},"end":{"line":12,"column":48}},"7":{"start":{"line":13,"column":26},"end":{"line":15,"column":6}},"8":{"start":{"line":16,"column":4},"end":{"line":16,"column":17}},"9":{"start":{"line":20,"column":4},"end":{"line":20,"column":40}},"10":{"start":{"line":21,"column":32},"end":{"line":21,"column":41}},"11":{"start":{"line":22,"column":38},"end":{"line":22,"column":47}},"12":{"start":{"line":23,"column":22},"end":{"line":23,"column":58}},"13":{"start":{"line":25,"column":4},"end":{"line":28,"column":5}},"14":{"start":{"line":26,"column":21},"end":{"line":26,"column":69}},"15":{"start":{"line":27,"column":6},"end":{"line":27,"column":20}},"16":{"start":{"line":29,"column":4},"end":{"line":29,"column":17}},"17":{"start":{"line":32,"column":4},"end":{"line":32,"column":46}},"18":{"start":{"line":33,"column":4},"end":{"line":33,"column":47}},"19":{"start":{"line":36,"column":4},"end":{"line":36,"column":43}},"20":{"start":{"line":37,"column":4},"end":{"line":37,"column":46}},"21":{"start":{"line":40,"column":0},"end":{"line":40,"column":29}}},"fnMap":{"0":{"name":"(anonymous_1)","decl":{"start":{"line":8,"column":0},"end":{"line":8,"column":6}},"loc":{"start":{"line":8,"column":0},"end":{"line":39,"column":1}}},"1":{"name":"(anonymous_2)","decl":{"start":{"line":11,"column":2},"end":{"line":11,"column":15}},"loc":{"start":{"line":11,"column":33},"end":{"line":17,"column":3}}},"2":{"name":"(anonymous_3)","decl":{"start":{"line":19,"column":2},"end":{"line":19,"column":7}},"loc":{"start":{"line":19,"column":31},"end":{"line":30,"column":3}}},"3":{"name":"(anonymous_4)","decl":{"start":{"line":31,"column":2},"end":{"line":31,"column":7}},"loc":{"start":{"line":31,"column":33},"end":{"line":34,"column":3}}},"4":{"name":"(anonymous_5)","decl":{"start":{"line":35,"column":2},"end":{"line":35,"column":7}},"loc":{"start":{"line":35,"column":31},"end":{"line":38,"column":3}}}},"branchMap":{"0":{"loc":{"start":{"line":25,"column":4},"end":{"line":28,"column":5}},"type":"if","locations":[{"start":{"line":25,"column":4},"end":{"line":28,"column":5}}]}},"s":{"0":3,"1":3,"2":3,"3":3,"4":3,"5":3,"6":6,"7":6,"8":6,"9":9,"10":9,"11":9,"12":9,"13":6,"14":6,"15":6,"16":0,"17":0,"18":0,"19":12,"20":12,"21":3},"f":{"0":3,"1":6,"2":9,"3":0,"4":12},"b":{"0":[6]}}
,"/home/munendra.kushwaha/WORKSPACE/events-backend/src/modules/users/middleware/authenticate.ts": {"path":"/home/munendra.kushwaha/WORKSPACE/events-backend/src/modules/users/middleware/authenticate.ts","statementMap":{"0":{"start":{"line":2,"column":0},"end":{"line":2,"column":null}},"1":{"start":{"line":7,"column":0},"end":{"line":7,"column":43}},"2":{"start":{"line":8,"column":0},"end":{"line":8,"column":43}},"3":{"start":{"line":9,"column":0},"end":{"line":9,"column":74}},"4":{"start":{"line":13,"column":19},"end":{"line":13,"column":54}},"5":{"start":{"line":15,"column":2},"end":{"line":53,"column":4}},"6":{"start":{"line":20,"column":4},"end":{"line":20,"column":37}},"7":{"start":{"line":21,"column":4},"end":{"line":52,"column":5}},"8":{"start":{"line":22,"column":25},"end":{"line":22,"column":52}},"9":{"start":{"line":24,"column":6},"end":{"line":24,"column":40}},"10":{"start":{"line":25,"column":6},"end":{"line":29,"column":7}},"11":{"start":{"line":26,"column":8},"end":{"line":28,"column":64}},"12":{"start":{"line":30,"column":22},"end":{"line":30,"column":69}},"13":{"start":{"line":38,"column":6},"end":{"line":38,"column":13}},"14":{"start":{"line":40,"column":6},"end":{"line":47,"column":7}},"15":{"start":{"line":44,"column":8},"end":{"line":46,"column":64}},"16":{"start":{"line":49,"column":6},"end":{"line":51,"column":72}},"17":{"start":{"line":55,"column":9},"end":{"line":84,"column":4}},"18":{"start":{"line":60,"column":4},"end":{"line":60,"column":49}},"19":{"start":{"line":61,"column":23},"end":{"line":61,"column":50}},"20":{"start":{"line":63,"column":4},"end":{"line":66,"column":5}},"21":{"start":{"line":64,"column":6},"end":{"line":64,"column":13}},"22":{"start":{"line":65,"column":6},"end":{"line":65,"column":13}},"23":{"start":{"line":67,"column":4},"end":{"line":83,"column":5}},"24":{"start":{"line":68,"column":47},"end":{"line":70,"column":null}},"25":{"start":{"line":72,"column":6},"end":{"line":76,"column":9}},"26":{"start":{"line":78,"column":6},"end":{"line":81,"column":7}},"27":{"start":{"line":79,"column":8},"end":{"line":79,"column":15}},"28":{"start":{"line":80,"column":8},"end":{"line":80,"column":15}},"29":{"start":{"line":82,"column":6},"end":{"line":82,"column":54}},"30":{"start":{"line":87,"column":0},"end":{"line":87,"column":36}}},"fnMap":{"0":{"name":"(anonymous_7)","decl":{"start":{"line":12,"column":0},"end":{"line":12,"column":6}},"loc":{"start":{"line":12,"column":0},"end":{"line":85,"column":1}}},"1":{"name":"(anonymous_8)","decl":{"start":{"line":15,"column":20},"end":{"line":15,"column":25}},"loc":{"start":{"line":19,"column":20},"end":{"line":53,"column":3}}},"2":{"name":"(anonymous_9)","decl":{"start":{"line":55,"column":24},"end":{"line":55,"column":null}},"loc":{"start":{"line":59,"column":54},"end":{"line":84,"column":3}}}},"branchMap":{"0":{"loc":{"start":{"line":25,"column":6},"end":{"line":29,"column":7}},"type":"if","locations":[{"start":{"line":25,"column":6},"end":{"line":29,"column":7}}]},"1":{"loc":{"start":{"line":40,"column":6},"end":{"line":47,"column":7}},"type":"if","locations":[{"start":{"line":40,"column":6},"end":{"line":47,"column":7}}]},"2":{"loc":{"start":{"line":41,"column":8},"end":{"line":42,"column":42}},"type":"binary-expr","locations":[{"start":{"line":41,"column":8},"end":{"line":41,"column":42}},{"start":{"line":42,"column":8},"end":{"line":42,"column":42}}]},"3":{"loc":{"start":{"line":63,"column":4},"end":{"line":66,"column":5}},"type":"if","locations":[{"start":{"line":63,"column":4},"end":{"line":66,"column":5}}]},"4":{"loc":{"start":{"line":78,"column":6},"end":{"line":81,"column":7}},"type":"if","locations":[{"start":{"line":78,"column":6},"end":{"line":81,"column":7}}]}},"s":{"0":3,"1":3,"2":3,"3":3,"4":3,"5":3,"6":25,"7":25,"8":25,"9":25,"10":25,"11":1,"12":24,"13":23,"14":1,"15":1,"16":0,"17":3,"18":18,"19":18,"20":18,"21":12,"22":12,"23":6,"24":6,"25":3,"26":3,"27":0,"28":0,"29":3,"30":3},"f":{"0":3,"1":25,"2":18},"b":{"0":[1],"1":[1],"2":[1,0],"3":[12],"4":[0]}}
,"/home/munendra.kushwaha/WORKSPACE/events-backend/src/modules/users/middleware/index.ts": {"path":"/home/munendra.kushwaha/WORKSPACE/events-backend/src/modules/users/middleware/index.ts","statementMap":{"0":{"start":{"line":1,"column":0},"end":{"line":1,"column":7}},"1":{"start":{"line":4,"column":9},"end":{"line":1,"column":44}},"2":{"start":{"line":2,"column":0},"end":{"line":2,"column":7}},"3":{"start":{"line":4,"column":25},"end":{"line":2,"column":36}}},"fnMap":{},"branchMap":{},"s":{"0":3,"1":3,"2":3,"3":3},"f":{},"b":{}}
,"/home/munendra.kushwaha/WORKSPACE/events-backend/src/modules/users/middleware/validate.ts": {"path":"/home/munendra.kushwaha/WORKSPACE/events-backend/src/modules/users/middleware/validate.ts","statementMap":{"0":{"start":{"line":2,"column":0},"end":{"line":2,"column":44}},"1":{"start":{"line":3,"column":0},"end":{"line":3,"column":43}},"2":{"start":{"line":6,"column":9},"end":{"line":17,"column":4}},"3":{"start":{"line":7,"column":4},"end":{"line":14,"column":5}},"4":{"start":{"line":8,"column":6},"end":{"line":8,"column":43}},"5":{"start":{"line":9,"column":6},"end":{"line":11,"column":9}},"6":{"start":{"line":13,"column":6},"end":{"line":13,"column":67}},"7":{"start":{"line":15,"column":4},"end":{"line":15,"column":11}},"8":{"start":{"line":16,"column":4},"end":{"line":16,"column":21}},"9":{"start":{"line":20,"column":0},"end":{"line":20,"column":26}}},"fnMap":{"0":{"name":"(anonymous_1)","decl":{"start":{"line":6,"column":20},"end":{"line":6,"column":21}},"loc":{"start":{"line":6,"column":77},"end":{"line":17,"column":3}}}},"branchMap":{},"s":{"0":3,"1":3,"2":3,"3":12,"4":12,"5":12,"6":0,"7":12,"8":12,"9":3},"f":{"0":12},"b":{}}
,"/home/munendra.kushwaha/WORKSPACE/events-backend/src/modules/users/repository/index.ts": {"path":"/home/munendra.kushwaha/WORKSPACE/events-backend/src/modules/users/repository/index.ts","statementMap":{"0":{"start":{"line":1,"column":0},"end":{"line":1,"column":7}},"1":{"start":{"line":5,"column":9},"end":{"line":1,"column":32}},"2":{"start":{"line":2,"column":0},"end":{"line":2,"column":7}},"3":{"start":{"line":5,"column":20},"end":{"line":2,"column":34}},"4":{"start":{"line":3,"column":0},"end":{"line":3,"column":7}},"5":{"start":{"line":5,"column":32},"end":{"line":3,"column":38}}},"fnMap":{},"branchMap":{},"s":{"0":3,"1":3,"2":3,"3":3,"4":3,"5":3},"f":{},"b":{}}
,"/home/munendra.kushwaha/WORKSPACE/events-backend/src/modules/users/repository/model.ts": {"path":"/home/munendra.kushwaha/WORKSPACE/events-backend/src/modules/users/repository/model.ts","statementMap":{"0":{"start":{"line":1,"column":0},"end":{"line":1,"column":48}},"1":{"start":{"line":2,"column":0},"end":{"line":2,"column":34}},"2":{"start":{"line":5,"column":32},"end":{"line":5,"column":74}},"3":{"start":{"line":6,"column":0},"end":{"line":6,"column":25}}},"fnMap":{},"branchMap":{},"s":{"0":3,"1":3,"2":3,"3":3},"f":{},"b":{}}
,"/home/munendra.kushwaha/WORKSPACE/events-backend/src/modules/users/repository/repository.ts": {"path":"/home/munendra.kushwaha/WORKSPACE/events-backend/src/modules/users/repository/repository.ts","statementMap":{"0":{"start":{"line":2,"column":0},"end":{"line":2,"column":28}},"1":{"start":{"line":3,"column":0},"end":{"line":3,"column":30}},"2":{"start":{"line":5,"column":0},"end":{"line":5,"column":52}},"3":{"start":{"line":6,"column":0},"end":{"line":6,"column":43}},"4":{"start":{"line":12,"column":4},"end":{"line":12,"column":21}},"5":{"start":{"line":13,"column":4},"end":{"line":13,"column":31}},"6":{"start":{"line":17,"column":4},"end":{"line":17,"column":47}},"7":{"start":{"line":18,"column":36},"end":{"line":20,"column":6}},"8":{"start":{"line":21,"column":4},"end":{"line":28,"column":5}},"9":{"start":{"line":22,"column":35},"end":{"line":22,"column":74}},"10":{"start":{"line":23,"column":19},"end":{"line":25,"column":null}},"11":{"start":{"line":27,"column":6},"end":{"line":27,"column":50}},"12":{"start":{"line":29,"column":4},"end":{"line":29,"column":45}},"13":{"start":{"line":33,"column":4},"end":{"line":33,"column":67}},"14":{"start":{"line":36,"column":0},"end":{"line":36,"column":32}}},"fnMap":{"0":{"name":"(anonymous_1)","decl":{"start":{"line":11,"column":2},"end":{"line":11,"column":null}},"loc":{"start":{"line":11,"column":2},"end":{"line":14,"column":3}}},"1":{"name":"(anonymous_2)","decl":{"start":{"line":16,"column":9},"end":{"line":16,"column":14}},"loc":{"start":{"line":16,"column":38},"end":{"line":30,"column":3}}},"2":{"name":"(anonymous_3)","decl":{"start":{"line":32,"column":9},"end":{"line":32,"column":14}},"loc":{"start":{"line":32,"column":40},"end":{"line":34,"column":3}}}},"branchMap":{"0":{"loc":{"start":{"line":21,"column":4},"end":{"line":28,"column":5}},"type":"if","locations":[{"start":{"line":21,"column":4},"end":{"line":28,"column":5}}]}},"s":{"0":3,"1":3,"2":3,"3":3,"4":3,"5":3,"6":12,"7":12,"8":9,"9":6,"10":6,"11":6,"12":3,"13":0,"14":3},"f":{"0":3,"1":12,"2":0},"b":{"0":[6]}}
,"/home/munendra.kushwaha/WORKSPACE/events-backend/src/modules/users/repository/schema.ts": {"path":"/home/munendra.kushwaha/WORKSPACE/events-backend/src/modules/users/repository/schema.ts","statementMap":{"0":{"start":{"line":1,"column":0},"end":{"line":1,"column":34}},"1":{"start":{"line":4,"column":27},"end":{"line":9,"column":2}},"2":{"start":{"line":11,"column":0},"end":{"line":11,"column":26}}},"fnMap":{},"branchMap":{},"s":{"0":3,"1":3,"2":3},"f":{},"b":{}}
,"/home/munendra.kushwaha/WORKSPACE/events-backend/src/modules/users/schema/joiSchema.ts": {"path":"/home/munendra.kushwaha/WORKSPACE/events-backend/src/modules/users/schema/joiSchema.ts","statementMap":{"0":{"start":{"line":1,"column":0},"end":{"line":1,"column":22}},"1":{"start":{"line":4,"column":11},"end":{"line":16,"column":7}},"2":{"start":{"line":4,"column":51},"end":{"line":16,"column":6}},"3":{"start":{"line":18,"column":0},"end":{"line":18,"column":25}}},"fnMap":{"0":{"name":"(anonymous_1)","decl":{"start":{"line":4,"column":22},"end":{"line":4,"column":48}},"loc":{"start":{"line":4,"column":51},"end":{"line":16,"column":6}}}},"branchMap":{},"s":{"0":3,"1":3,"2":12,"3":3},"f":{"0":12},"b":{}}
,"/home/munendra.kushwaha/WORKSPACE/events-backend/src/utils/logger.ts": {"path":"/home/munendra.kushwaha/WORKSPACE/events-backend/src/utils/logger.ts","statementMap":{"0":{"start":{"line":1,"column":0},"end":{"line":1,"column":59}},"1":{"start":{"line":2,"column":0},"end":{"line":2,"column":37}},"2":{"start":{"line":4,"column":15},"end":{"line":31,"column":2}},"3":{"start":{"line":13,"column":12},"end":{"line":13,"column":69}},"4":{"start":{"line":25,"column":12},"end":{"line":25,"column":69}},"5":{"start":{"line":33,"column":0},"end":{"line":33,"column":22}}},"fnMap":{"0":{"name":"(anonymous_1)","decl":{"start":{"line":12,"column":18},"end":{"line":12,"column":21}},"loc":{"start":{"line":13,"column":12},"end":{"line":13,"column":69}}},"1":{"name":"(anonymous_2)","decl":{"start":{"line":24,"column":18},"end":{"line":24,"column":21}},"loc":{"start":{"line":25,"column":12},"end":{"line":25,"column":69}}}},"branchMap":{},"s":{"0":3,"1":3,"2":3,"3":410,"4":16,"5":3},"f":{"0":410,"1":16},"b":{}}
}
