TN:
SF:src/app.ts
FN:17,(anonymous_1)
FN:22,(anonymous_2)
FN:27,(anonymous_3)
FN:43,(anonymous_4)
FN:50,(anonymous_5)
FN:54,(anonymous_6)
FN:59,(anonymous_7)
FN:60,(anonymous_8)
FNF:8
FNH:6
FNDA:3,(anonymous_1)
FNDA:3,(anonymous_2)
FNDA:3,(anonymous_3)
FNDA:3,(anonymous_4)
FNDA:1,(anonymous_5)
FNDA:1,(anonymous_6)
FNDA:0,(anonymous_7)
FNDA:0,(anonymous_8)
DA:1,3
DA:2,3
DA:3,3
DA:4,3
DA:5,3
DA:6,3
DA:7,3
DA:8,3
DA:9,3
DA:11,3
DA:12,3
DA:18,3
DA:19,3
DA:23,3
DA:24,3
DA:28,3
DA:29,3
DA:30,3
DA:31,3
DA:39,3
DA:40,3
DA:44,3
DA:45,3
DA:47,3
DA:48,3
DA:51,1
DA:54,3
DA:55,1
DA:60,0
DA:61,0
DA:65,3
LF:31
LH:29
BRF:0
BRH:0
end_of_record
TN:
SF:src/config.ts
FNF:0
FNH:0
DA:1,3
DA:9,3
DA:11,3
DA:18,3
LF:4
LH:4
BRDA:12,0,0,3
BRDA:12,0,1,0
BRDA:12,1,0,3
BRDA:12,1,1,3
BRDA:13,2,0,3
BRDA:13,2,1,0
BRDA:13,3,0,3
BRDA:13,3,1,3
BRDA:14,4,0,3
BRDA:14,4,1,0
BRDA:14,5,0,3
BRDA:14,5,1,3
BRDA:15,6,0,3
BRDA:15,6,1,0
BRDA:15,7,0,3
BRDA:15,7,1,3
BRF:16
BRH:12
end_of_record
TN:
SF:src/docs/swaggerConfig.ts
FNF:0
FNH:0
DA:1,3
DA:3,3
DA:35,3
DA:37,3
LF:4
LH:4
BRF:0
BRH:0
end_of_record
TN:
SF:src/lib/Connection.ts
FN:4,(anonymous_1)
FN:7,(anonymous_2)
FN:16,(anonymous_3)
FNF:3
FNH:3
FNDA:3,(anonymous_1)
FNDA:57,(anonymous_2)
FNDA:67,(anonymous_3)
DA:1,3
DA:2,3
DA:3,3
DA:5,3
DA:7,3
DA:8,57
DA:9,57
DA:10,57
DA:12,0
DA:16,3
DA:17,67
DA:18,67
DA:19,67
DA:21,0
DA:26,3
LF:15
LH:13
BRF:0
BRH:0
end_of_record
TN:
SF:src/lib/index.ts
FNF:0
FNH:0
DA:1,3
DA:2,3
DA:4,3
LF:3
LH:3
BRF:0
BRH:0
end_of_record
TN:
SF:src/lib/base/baseRepository.ts
FN:8,(anonymous_1)
FN:12,(anonymous_2)
FN:17,(anonymous_3)
FNF:3
FNH:3
FNDA:6,(anonymous_1)
FNDA:2,(anonymous_2)
FNDA:12,(anonymous_3)
DA:3,3
DA:9,6
DA:13,2
DA:14,2
DA:18,12
DA:19,12
DA:25,3
LF:7
LH:7
BRF:0
BRH:0
end_of_record
TN:
SF:src/lib/response-handler/StatusCodes.ts
FNF:0
FNH:0
DA:1,3
DA:39,3
LF:2
LH:2
BRF:0
BRH:0
end_of_record
TN:
SF:src/lib/response-handler/SystemResponse.ts
FN:3,(anonymous_1)
FN:12,(anonymous_2)
FN:20,(anonymous_3)
FN:27,(anonymous_4)
FN:35,(anonymous_5)
FN:42,(anonymous_6)
FNF:6
FNH:6
FNDA:10,(anonymous_1)
FNDA:1,(anonymous_2)
FNDA:4,(anonymous_3)
FNDA:1,(anonymous_4)
FNDA:2,(anonymous_5)
FNDA:11,(anonymous_6)
DA:1,3
DA:4,10
DA:13,1
DA:21,4
DA:28,1
DA:36,2
DA:43,11
DA:52,3
LF:8
LH:8
BRDA:6,0,0,8
BRDA:6,0,1,2
BRDA:6,1,0,10
BRDA:6,1,1,10
BRDA:7,2,0,4
BRDA:7,2,1,6
BRDA:7,3,0,10
BRDA:7,3,1,10
BRDA:8,4,0,10
BRDA:8,4,1,0
BRDA:8,5,0,10
BRDA:8,5,1,10
BRDA:23,6,0,4
BRDA:23,6,1,0
BRDA:23,7,0,4
BRDA:23,7,1,4
BRDA:30,8,0,1
BRDA:30,8,1,0
BRDA:30,9,0,1
BRDA:30,9,1,1
BRDA:38,10,0,2
BRDA:38,10,1,0
BRDA:38,11,0,2
BRDA:38,11,1,2
BRDA:45,12,0,7
BRDA:45,12,1,4
BRDA:45,13,0,11
BRDA:45,13,1,11
BRDA:46,14,0,11
BRDA:46,14,1,0
BRDA:46,15,0,11
BRDA:46,15,1,11
BRDA:47,16,0,2
BRDA:47,16,1,9
BRDA:47,17,0,11
BRDA:47,17,1,11
BRF:36
BRH:31
end_of_record
TN:
SF:src/middlewares/OtherMiddleware.ts
FN:6,(anonymous_1)
FN:15,(anonymous_2)
FN:19,(anonymous_3)
FNF:3
FNH:3
FNDA:57,(anonymous_1)
FNDA:57,(anonymous_2)
FNDA:5,(anonymous_3)
DA:2,3
DA:3,3
DA:6,3
DA:11,57
DA:12,57
DA:15,3
DA:16,57
DA:17,57
DA:19,3
DA:24,5
DA:25,5
DA:26,5
DA:28,5
DA:30,5
DA:31,1
DA:37,4
DA:39,0
DA:40,0
DA:49,3
LF:19
LH:17
BRDA:30,0,0,1
BRDA:30,1,0,5
BRDA:30,1,1,4
BRF:3
BRH:3
end_of_record
TN:
SF:src/middlewares/index.ts
FNF:0
FNH:0
DA:1,3
DA:3,3
LF:2
LH:2
BRF:0
BRH:0
end_of_record
TN:
SF:src/modules/events/controller.ts
FN:15,(anonymous_1)
FN:17,(anonymous_2)
FN:75,(anonymous_3)
FN:99,(anonymous_4)
FN:121,(anonymous_5)
FN:149,(anonymous_6)
FN:180,(anonymous_7)
FN:216,(anonymous_8)
FN:240,(anonymous_9)
FN:260,(anonymous_10)
FN:263,(anonymous_11)
FN:304,(anonymous_12)
FN:326,(anonymous_13)
FN:333,(anonymous_14)
FN:344,(anonymous_15)
FN:349,(anonymous_16)
FN:357,(anonymous_17)
FNF:17
FNH:17
FNDA:3,(anonymous_1)
FNDA:4,(anonymous_2)
FNDA:2,(anonymous_3)
FNDA:2,(anonymous_4)
FNDA:2,(anonymous_5)
FNDA:4,(anonymous_6)
FNDA:3,(anonymous_7)
FNDA:3,(anonymous_8)
FNDA:2,(anonymous_9)
FNDA:2,(anonymous_10)
FNDA:1,(anonymous_11)
FNDA:2,(anonymous_12)
FNDA:1,(anonymous_13)
FNDA:2,(anonymous_14)
FNDA:3,(anonymous_15)
FNDA:1,(anonymous_16)
FNDA:1,(anonymous_17)
DA:2,3
DA:3,3
DA:4,3
DA:5,3
DA:6,3
DA:8,3
DA:10,3
DA:11,3
DA:12,3
DA:13,3
DA:16,3
DA:17,3
DA:18,4
DA:19,4
DA:20,4
DA:21,4
DA:23,4
DA:25,4
DA:26,2
DA:28,1
DA:39,2
DA:40,1
DA:41,1
DA:42,1
DA:52,1
DA:53,1
DA:63,1
DA:64,1
DA:75,3
DA:76,2
DA:77,2
DA:78,2
DA:79,2
DA:80,2
DA:82,2
DA:84,2
DA:85,1
DA:86,1
DA:92,1
DA:93,1
DA:99,3
DA:100,2
DA:101,2
DA:103,2
DA:105,1
DA:109,1
DA:110,1
DA:121,3
DA:122,2
DA:123,2
DA:124,2
DA:125,2
DA:126,2
DA:127,2
DA:130,2
DA:131,2
DA:132,1
DA:136,1
DA:138,1
DA:149,3
DA:150,4
DA:151,4
DA:152,4
DA:153,4
DA:154,1
DA:156,3
DA:158,2
DA:159,1
DA:163,1
DA:165,1
DA:167,1
DA:168,1
DA:180,3
DA:181,3
DA:182,3
DA:183,3
DA:184,3
DA:185,1
DA:187,2
DA:188,2
DA:189,2
DA:191,2
DA:192,2
DA:193,1
DA:194,1
DA:200,0
DA:204,1
DA:205,1
DA:216,3
DA:217,3
DA:218,3
DA:219,3
DA:220,1
DA:222,2
DA:223,2
DA:224,1
DA:228,1
DA:229,1
DA:240,3
DA:241,2
DA:242,2
DA:243,2
DA:244,2
DA:245,2
DA:246,2
DA:247,2
DA:248,1
DA:252,1
DA:253,1
DA:254,1
DA:255,1
DA:256,1
DA:258,1
DA:261,2
DA:264,1
DA:273,1
DA:274,1
DA:275,1
DA:276,1
DA:277,1
DA:287,1
DA:288,1
DA:293,0
DA:294,0
DA:304,3
DA:307,2
DA:326,3
DA:333,1
DA:334,2
DA:337,2
DA:338,0
DA:339,0
DA:341,2
DA:344,3
DA:349,3
DA:350,1
DA:351,1
DA:352,0
DA:353,0
DA:354,0
DA:357,3
DA:358,1
DA:359,1
DA:360,1
DA:361,1
DA:362,1
DA:366,3
LF:147
LH:139
BRDA:25,0,0,2
BRDA:39,1,0,1
BRDA:68,2,0,1
BRDA:68,2,1,0
BRDA:68,3,0,0
BRDA:68,3,1,1
BRDA:68,4,0,1
BRDA:68,4,1,1
BRDA:95,5,0,0
BRDA:95,5,1,1
BRDA:95,6,0,1
BRDA:95,6,1,1
BRDA:114,7,0,1
BRDA:114,7,1,0
BRDA:114,8,0,0
BRDA:114,8,1,1
BRDA:114,9,0,1
BRDA:114,9,1,1
BRDA:142,10,0,1
BRDA:142,10,1,0
BRDA:142,11,0,0
BRDA:142,11,1,1
BRDA:142,12,0,1
BRDA:142,12,1,1
BRDA:153,13,0,1
BRDA:158,14,0,1
BRDA:172,15,0,0
BRDA:172,15,1,1
BRDA:172,16,0,1
BRDA:172,16,1,1
BRDA:184,17,0,1
BRDA:193,18,0,1
BRDA:209,19,0,1
BRDA:209,19,1,0
BRDA:209,20,0,0
BRDA:209,20,1,1
BRDA:209,21,0,1
BRDA:209,21,1,1
BRDA:219,22,0,1
BRDA:233,23,0,1
BRDA:233,23,1,0
BRDA:233,24,0,0
BRDA:233,24,1,1
BRDA:233,25,0,1
BRDA:233,25,1,1
BRDA:243,26,0,1
BRDA:243,26,1,1
BRDA:243,27,0,2
BRDA:243,27,1,2
BRDA:246,28,0,1
BRDA:246,28,1,1
BRDA:246,29,0,2
BRDA:246,29,1,2
BRDA:247,30,0,1
BRDA:298,31,0,0
BRDA:298,31,1,0
BRDA:298,32,0,0
BRDA:298,32,1,0
BRDA:298,33,0,0
BRDA:298,33,1,0
BRDA:337,34,0,0
BRDA:337,34,1,2
BRDA:344,35,0,0
BRDA:344,35,1,2
BRDA:344,36,0,2
BRDA:344,36,1,2
BRF:66
BRH:46
end_of_record
TN:
SF:src/modules/events/index.ts
FNF:0
FNH:0
DA:1,3
DA:2,3
DA:3,3
DA:5,3
LF:4
LH:4
BRF:0
BRH:0
end_of_record
TN:
SF:src/modules/events/joiSchema.ts
FN:4,(anonymous_1)
FNF:1
FNH:1
FNDA:4,(anonymous_1)
DA:1,3
DA:4,4
DA:22,3
LF:3
LH:3
BRF:0
BRH:0
end_of_record
TN:
SF:src/modules/events/route.ts
FNF:0
FNH:0
DA:1,3
DA:2,3
DA:3,3
DA:4,3
DA:5,3
DA:6,3
DA:7,3
DA:76,3
DA:93,3
DA:135,3
DA:168,3
DA:249,3
DA:278,3
DA:320,3
DA:350,3
DA:358,3
LF:16
LH:16
BRF:0
BRH:0
end_of_record
TN:
SF:src/modules/events/service.ts
FN:5,(anonymous_1)
FN:6,(anonymous_2)
FN:15,(anonymous_3)
FN:24,(anonymous_4)
FN:29,(anonymous_5)
FN:34,(anonymous_6)
FN:39,(anonymous_7)
FN:44,(anonymous_8)
FN:50,(anonymous_9)
FN:55,(anonymous_10)
FN:60,(anonymous_11)
FN:64,(anonymous_12)
FN:68,(anonymous_13)
FNF:13
FNH:12
FNDA:3,(anonymous_1)
FNDA:1,(anonymous_2)
FNDA:2,(anonymous_3)
FNDA:2,(anonymous_4)
FNDA:2,(anonymous_5)
FNDA:2,(anonymous_6)
FNDA:1,(anonymous_7)
FNDA:3,(anonymous_8)
FNDA:2,(anonymous_9)
FNDA:2,(anonymous_10)
FNDA:0,(anonymous_11)
FNDA:1,(anonymous_12)
FNDA:1,(anonymous_13)
DA:2,3
DA:3,3
DA:6,3
DA:11,1
DA:12,1
DA:13,1
DA:15,3
DA:20,2
DA:21,2
DA:24,3
DA:25,2
DA:26,2
DA:30,2
DA:31,2
DA:35,2
DA:36,2
DA:40,1
DA:41,1
DA:45,3
DA:46,3
DA:47,3
DA:51,2
DA:52,2
DA:56,2
DA:57,2
DA:61,0
DA:62,0
DA:65,1
DA:66,1
DA:69,1
DA:70,1
DA:73,3
LF:32
LH:30
BRF:0
BRH:0
end_of_record
TN:
SF:src/modules/events/repository/index.ts
FNF:0
FNH:0
DA:1,3
DA:2,3
DA:3,3
DA:5,3
LF:4
LH:4
BRF:0
BRH:0
end_of_record
TN:
SF:src/modules/events/repository/model.ts
FNF:0
FNH:0
DA:1,3
DA:3,3
DA:5,3
DA:7,3
LF:4
LH:4
BRF:0
BRH:0
end_of_record
TN:
SF:src/modules/events/repository/repository.ts
FN:16,(anonymous_1)
FN:23,(anonymous_2)
FN:39,(anonymous_3)
FN:44,(anonymous_4)
FN:49,(anonymous_5)
FN:62,(anonymous_6)
FN:81,(anonymous_7)
FN:88,(anonymous_8)
FN:93,(anonymous_9)
FN:97,(anonymous_10)
FN:102,(anonymous_11)
FNF:11
FNH:10
FNDA:3,(anonymous_1)
FNDA:1,(anonymous_2)
FNDA:2,(anonymous_3)
FNDA:2,(anonymous_4)
FNDA:2,(anonymous_5)
FNDA:1,(anonymous_6)
FNDA:2,(anonymous_7)
FNDA:2,(anonymous_8)
FNDA:0,(anonymous_9)
FNDA:1,(anonymous_10)
FNDA:1,(anonymous_11)
DA:2,3
DA:3,3
DA:4,3
DA:5,3
DA:8,3
DA:17,3
DA:18,3
DA:19,3
DA:20,3
DA:28,1
DA:29,1
DA:30,1
DA:37,1
DA:40,2
DA:41,2
DA:45,2
DA:46,2
DA:50,2
DA:51,2
DA:52,1
DA:59,1
DA:63,1
DA:64,1
DA:65,1
DA:68,1
DA:75,1
DA:77,0
DA:82,2
DA:83,2
DA:89,2
DA:90,2
DA:94,0
DA:95,0
DA:98,1
DA:99,1
DA:103,1
DA:104,1
DA:108,3
LF:38
LH:35
BRF:0
BRH:0
end_of_record
TN:
SF:src/modules/events/repository/schema.ts
FNF:0
FNH:0
DA:1,3
DA:4,3
DA:12,3
DA:29,3
LF:4
LH:4
BRF:0
BRH:0
end_of_record
TN:
SF:src/modules/events/repositoryBulk/model.ts
FNF:0
FNH:0
DA:1,3
DA:2,3
DA:5,3
DA:9,3
LF:4
LH:4
BRF:0
BRH:0
end_of_record
TN:
SF:src/modules/events/repositoryBulk/modelError.ts
FNF:0
FNH:0
DA:1,3
DA:2,3
DA:5,3
DA:10,3
LF:4
LH:4
BRF:0
BRH:0
end_of_record
TN:
SF:src/modules/events/repositoryBulk/schema.ts
FNF:0
FNH:0
DA:1,3
DA:4,3
DA:19,3
LF:3
LH:3
BRF:0
BRH:0
end_of_record
TN:
SF:src/modules/events/repositoryBulk/schemaError.ts
FNF:0
FNH:0
DA:1,3
DA:4,3
DA:10,3
LF:3
LH:3
BRF:0
BRH:0
end_of_record
TN:
SF:src/modules/users/controller.ts
FN:7,(anonymous_1)
FN:32,(anonymous_2)
FNF:2
FNH:2
FNDA:12,(anonymous_1)
FNDA:12,(anonymous_2)
DA:2,3
DA:4,3
DA:5,3
DA:6,3
DA:7,3
DA:8,12
DA:9,12
DA:10,12
DA:12,12
DA:13,3
DA:15,9
DA:17,6
DA:18,6
DA:19,6
DA:23,0
DA:25,3
DA:26,3
DA:32,3
DA:33,12
DA:34,12
DA:35,12
DA:36,12
DA:37,6
DA:38,3
DA:39,3
DA:41,6
DA:42,6
LF:27
LH:26
BRDA:12,0,0,3
BRDA:12,1,0,12
BRDA:12,1,1,9
BRDA:17,2,0,6
BRDA:37,3,0,3
BRF:5
BRH:5
end_of_record
TN:
SF:src/modules/users/index.ts
FNF:0
FNH:0
DA:1,3
DA:2,3
DA:3,3
DA:5,3
LF:4
LH:4
BRF:0
BRH:0
end_of_record
TN:
SF:src/modules/users/route.ts
FNF:0
FNH:0
DA:1,3
DA:2,3
DA:3,3
DA:5,3
DA:35,3
DA:76,3
DA:80,3
LF:7
LH:7
BRF:0
BRH:0
end_of_record
TN:
SF:src/modules/users/service.ts
FN:8,(anonymous_1)
FN:11,(anonymous_2)
FN:19,(anonymous_3)
FN:31,(anonymous_4)
FN:35,(anonymous_5)
FNF:5
FNH:4
FNDA:3,(anonymous_1)
FNDA:6,(anonymous_2)
FNDA:9,(anonymous_3)
FNDA:0,(anonymous_4)
FNDA:12,(anonymous_5)
DA:1,3
DA:2,3
DA:3,3
DA:5,3
DA:6,3
DA:9,3
DA:12,6
DA:13,6
DA:16,6
DA:20,9
DA:21,9
DA:22,9
DA:23,9
DA:25,6
DA:26,6
DA:27,6
DA:29,0
DA:32,0
DA:33,0
DA:36,12
DA:37,12
DA:40,3
LF:22
LH:19
BRDA:25,0,0,6
BRF:1
BRH:1
end_of_record
TN:
SF:src/modules/users/middleware/authenticate.ts
FN:12,(anonymous_7)
FN:15,(anonymous_8)
FN:55,(anonymous_9)
FNF:3
FNH:3
FNDA:3,(anonymous_7)
FNDA:25,(anonymous_8)
FNDA:18,(anonymous_9)
DA:2,3
DA:7,3
DA:8,3
DA:9,3
DA:13,3
DA:15,3
DA:20,25
DA:21,25
DA:22,25
DA:24,25
DA:25,25
DA:26,1
DA:30,24
DA:38,23
DA:40,1
DA:44,1
DA:49,0
DA:55,3
DA:60,18
DA:61,18
DA:63,18
DA:64,12
DA:65,12
DA:67,6
DA:68,6
DA:72,3
DA:78,3
DA:79,0
DA:80,0
DA:82,3
DA:87,3
LF:31
LH:28
BRDA:25,0,0,1
BRDA:40,1,0,1
BRDA:41,2,0,1
BRDA:41,2,1,0
BRDA:63,3,0,12
BRDA:78,4,0,0
BRF:6
BRH:4
end_of_record
TN:
SF:src/modules/users/middleware/index.ts
FNF:0
FNH:0
DA:1,3
DA:2,3
DA:4,3
LF:3
LH:3
BRF:0
BRH:0
end_of_record
TN:
SF:src/modules/users/middleware/validate.ts
FN:6,(anonymous_1)
FNF:1
FNH:1
FNDA:12,(anonymous_1)
DA:2,3
DA:3,3
DA:6,3
DA:7,12
DA:8,12
DA:9,12
DA:13,0
DA:15,12
DA:16,12
DA:20,3
LF:10
LH:9
BRF:0
BRH:0
end_of_record
TN:
SF:src/modules/users/repository/index.ts
FNF:0
FNH:0
DA:1,3
DA:2,3
DA:3,3
DA:5,3
LF:4
LH:4
BRF:0
BRH:0
end_of_record
TN:
SF:src/modules/users/repository/model.ts
FNF:0
FNH:0
DA:1,3
DA:2,3
DA:5,3
DA:6,3
LF:4
LH:4
BRF:0
BRH:0
end_of_record
TN:
SF:src/modules/users/repository/repository.ts
FN:11,(anonymous_1)
FN:16,(anonymous_2)
FN:32,(anonymous_3)
FNF:3
FNH:2
FNDA:3,(anonymous_1)
FNDA:12,(anonymous_2)
FNDA:0,(anonymous_3)
DA:2,3
DA:3,3
DA:5,3
DA:6,3
DA:12,3
DA:13,3
DA:17,12
DA:18,12
DA:21,9
DA:22,6
DA:23,6
DA:27,6
DA:29,3
DA:33,0
DA:36,3
LF:15
LH:14
BRDA:21,0,0,6
BRF:1
BRH:1
end_of_record
TN:
SF:src/modules/users/repository/schema.ts
FNF:0
FNH:0
DA:1,3
DA:4,3
DA:11,3
LF:3
LH:3
BRF:0
BRH:0
end_of_record
TN:
SF:src/modules/users/schema/joiSchema.ts
FN:4,(anonymous_1)
FNF:1
FNH:1
FNDA:12,(anonymous_1)
DA:1,3
DA:4,12
DA:18,3
LF:3
LH:3
BRF:0
BRH:0
end_of_record
TN:
SF:src/utils/logger.ts
FN:12,(anonymous_1)
FN:24,(anonymous_2)
FNF:2
FNH:2
FNDA:410,(anonymous_1)
FNDA:16,(anonymous_2)
DA:1,3
DA:2,3
DA:4,3
DA:13,410
DA:25,16
DA:33,3
LF:6
LH:6
BRF:0
BRH:0
end_of_record
